Compiling the C compiler identification source file "CMakeCCompilerId.c" failed.
Compiler: C:/Users/tgr6hc/Downloads/Toolchain/gcc-arm-none-eabi-9-2019-q4-major-win32/bin/arm-none-eabi-gcc.exe 
Build flags: -fmax-errors=100;-std=c99;-c;-mcpu=cortex-m4;-mthumb;--specs=nosys.specs;-DUSE_MCU;;-DUSE_KERNEL_EXTRA;;	-IC:/Users/tgr6hc/Desktop/Embedded_full/GatewayECU_git/FlashBootLoader/MCAL;	-IC:/Users/tgr6hc/Desktop/Embedded_full/GatewayECU_git/FlashBootLoader/MCAL/arm_cm3;	-IC:/Users/tgr6hc/Desktop/Embedded_full/GatewayECU_git/FlashBootLoader/MCAL/arm_cm3/kernel;	-IC:/Users/tgr6hc/Desktop/Embedded_full/GatewayECU_git/FlashBootLoader/MCAL/arm_cm3/drivers/STM32F10x_StdPeriph_Driver/inc;	-IC:/Users/tgr6hc/Desktop/Embedded_full/GatewayECU_git/FlashBootLoader/MCAL/ConfigTypes;		-IC:/Users/tgr6hc/Desktop/Embedded_full/GatewayECU_git/FlashBootLoader/Application/Crc;	-IC:/Users/tgr6hc/Desktop/Embedded_full/GatewayECU_git/FlashBootLoader/Application/Diag_com;	-IC:/Users/tgr6hc/Desktop/Embedded_full/GatewayECU_git/FlashBootLoader/Application/ECU_Cfg;	-IC:/Users/tgr6hc/Desktop/Embedded_full/GatewayECU_git/FlashBootLoader/Application/Flashing_Hdl;	-IC:/Users/tgr6hc/Desktop/Embedded_full/GatewayECU_git/FlashBootLoader/Application/main;	-IC:/Users/tgr6hc/Desktop/Embedded_full/GatewayECU_git/FlashBootLoader/Application/main/hardware_handle;	-IC:/Users/tgr6hc/Desktop/Embedded_full/GatewayECU_git/FlashBootLoader/Application/main/main_state_machine;	-IC:/Users/tgr6hc/Desktop/Embedded_full/GatewayECU_git/FlashBootLoader/Application/NvM_Hdl;	-IC:/Users/tgr6hc/Desktop/Embedded_full/GatewayECU_git/FlashBootLoader/Application/Service_Hdl;	-IC:/Users/tgr6hc/Desktop/Embedded_full/GatewayECU_git/FlashBootLoader/Application/SWIL_Hdl
Id flags:  

The output was:
1
arm-none-eabi-gcc.exe: error: 	-IC:/Users/tgr6hc/Desktop/Embedded_full/GatewayECU_git/FlashBootLoader/MCAL: Invalid argument
arm-none-eabi-gcc.exe: error: 	-IC:/Users/tgr6hc/Desktop/Embedded_full/GatewayECU_git/FlashBootLoader/MCAL/arm_cm3: Invalid argument
arm-none-eabi-gcc.exe: error: 	-IC:/Users/tgr6hc/Desktop/Embedded_full/GatewayECU_git/FlashBootLoader/MCAL/arm_cm3/kernel: Invalid argument
arm-none-eabi-gcc.exe: error: 	-IC:/Users/tgr6hc/Desktop/Embedded_full/GatewayECU_git/FlashBootLoader/MCAL/arm_cm3/drivers/STM32F10x_StdPeriph_Driver/inc: Invalid argument
arm-none-eabi-gcc.exe: error: 	-IC:/Users/tgr6hc/Desktop/Embedded_full/GatewayECU_git/FlashBootLoader/MCAL/ConfigTypes: Invalid argument
arm-none-eabi-gcc.exe: error: 		-IC:/Users/tgr6hc/Desktop/Embedded_full/GatewayECU_git/FlashBootLoader/Application/Crc: Invalid argument
arm-none-eabi-gcc.exe: error: 	-IC:/Users/tgr6hc/Desktop/Embedded_full/GatewayECU_git/FlashBootLoader/Application/Diag_com: Invalid argument
arm-none-eabi-gcc.exe: error: 	-IC:/Users/tgr6hc/Desktop/Embedded_full/GatewayECU_git/FlashBootLoader/Application/ECU_Cfg: Invalid argument
arm-none-eabi-gcc.exe: error: 	-IC:/Users/tgr6hc/Desktop/Embedded_full/GatewayECU_git/FlashBootLoader/Application/Flashing_Hdl: Invalid argument
arm-none-eabi-gcc.exe: error: 	-IC:/Users/tgr6hc/Desktop/Embedded_full/GatewayECU_git/FlashBootLoader/Application/main: Invalid argument
arm-none-eabi-gcc.exe: error: 	-IC:/Users/tgr6hc/Desktop/Embedded_full/GatewayECU_git/FlashBootLoader/Application/main/hardware_handle: Invalid argument
arm-none-eabi-gcc.exe: error: 	-IC:/Users/tgr6hc/Desktop/Embedded_full/GatewayECU_git/FlashBootLoader/Application/main/main_state_machine: Invalid argument
arm-none-eabi-gcc.exe: error: 	-IC:/Users/tgr6hc/Desktop/Embedded_full/GatewayECU_git/FlashBootLoader/Application/NvM_Hdl: Invalid argument
arm-none-eabi-gcc.exe: error: 	-IC:/Users/tgr6hc/Desktop/Embedded_full/GatewayECU_git/FlashBootLoader/Application/Service_Hdl: Invalid argument
arm-none-eabi-gcc.exe: error: 	-IC:/Users/tgr6hc/Desktop/Embedded_full/GatewayECU_git/FlashBootLoader/Application/SWIL_Hdl: Invalid argument


Compiling the C compiler identification source file "CMakeCCompilerId.c" failed.
Compiler: C:/Users/tgr6hc/Downloads/Toolchain/gcc-arm-none-eabi-9-2019-q4-major-win32/bin/arm-none-eabi-gcc.exe 
Build flags: -fmax-errors=100;-std=c99;-c;-mcpu=cortex-m4;-mthumb;--specs=nosys.specs;-DUSE_MCU;;-DUSE_KERNEL_EXTRA;;	-IC:/Users/tgr6hc/Desktop/Embedded_full/GatewayECU_git/FlashBootLoader/MCAL;	-IC:/Users/tgr6hc/Desktop/Embedded_full/GatewayECU_git/FlashBootLoader/MCAL/arm_cm3;	-IC:/Users/tgr6hc/Desktop/Embedded_full/GatewayECU_git/FlashBootLoader/MCAL/arm_cm3/kernel;	-IC:/Users/tgr6hc/Desktop/Embedded_full/GatewayECU_git/FlashBootLoader/MCAL/arm_cm3/drivers/STM32F10x_StdPeriph_Driver/inc;	-IC:/Users/tgr6hc/Desktop/Embedded_full/GatewayECU_git/FlashBootLoader/MCAL/ConfigTypes;		-IC:/Users/tgr6hc/Desktop/Embedded_full/GatewayECU_git/FlashBootLoader/Application/Crc;	-IC:/Users/tgr6hc/Desktop/Embedded_full/GatewayECU_git/FlashBootLoader/Application/Diag_com;	-IC:/Users/tgr6hc/Desktop/Embedded_full/GatewayECU_git/FlashBootLoader/Application/ECU_Cfg;	-IC:/Users/tgr6hc/Desktop/Embedded_full/GatewayECU_git/FlashBootLoader/Application/Flashing_Hdl;	-IC:/Users/tgr6hc/Desktop/Embedded_full/GatewayECU_git/FlashBootLoader/Application/main;	-IC:/Users/tgr6hc/Desktop/Embedded_full/GatewayECU_git/FlashBootLoader/Application/main/hardware_handle;	-IC:/Users/tgr6hc/Desktop/Embedded_full/GatewayECU_git/FlashBootLoader/Application/main/main_state_machine;	-IC:/Users/tgr6hc/Desktop/Embedded_full/GatewayECU_git/FlashBootLoader/Application/NvM_Hdl;	-IC:/Users/tgr6hc/Desktop/Embedded_full/GatewayECU_git/FlashBootLoader/Application/Service_Hdl;	-IC:/Users/tgr6hc/Desktop/Embedded_full/GatewayECU_git/FlashBootLoader/Application/SWIL_Hdl
Id flags: -c 

The output was:
1
arm-none-eabi-gcc.exe: error: 	-IC:/Users/tgr6hc/Desktop/Embedded_full/GatewayECU_git/FlashBootLoader/MCAL: Invalid argument
arm-none-eabi-gcc.exe: error: 	-IC:/Users/tgr6hc/Desktop/Embedded_full/GatewayECU_git/FlashBootLoader/MCAL/arm_cm3: Invalid argument
arm-none-eabi-gcc.exe: error: 	-IC:/Users/tgr6hc/Desktop/Embedded_full/GatewayECU_git/FlashBootLoader/MCAL/arm_cm3/kernel: Invalid argument
arm-none-eabi-gcc.exe: error: 	-IC:/Users/tgr6hc/Desktop/Embedded_full/GatewayECU_git/FlashBootLoader/MCAL/arm_cm3/drivers/STM32F10x_StdPeriph_Driver/inc: Invalid argument
arm-none-eabi-gcc.exe: error: 	-IC:/Users/tgr6hc/Desktop/Embedded_full/GatewayECU_git/FlashBootLoader/MCAL/ConfigTypes: Invalid argument
arm-none-eabi-gcc.exe: error: 		-IC:/Users/tgr6hc/Desktop/Embedded_full/GatewayECU_git/FlashBootLoader/Application/Crc: Invalid argument
arm-none-eabi-gcc.exe: error: 	-IC:/Users/tgr6hc/Desktop/Embedded_full/GatewayECU_git/FlashBootLoader/Application/Diag_com: Invalid argument
arm-none-eabi-gcc.exe: error: 	-IC:/Users/tgr6hc/Desktop/Embedded_full/GatewayECU_git/FlashBootLoader/Application/ECU_Cfg: Invalid argument
arm-none-eabi-gcc.exe: error: 	-IC:/Users/tgr6hc/Desktop/Embedded_full/GatewayECU_git/FlashBootLoader/Application/Flashing_Hdl: Invalid argument
arm-none-eabi-gcc.exe: error: 	-IC:/Users/tgr6hc/Desktop/Embedded_full/GatewayECU_git/FlashBootLoader/Application/main: Invalid argument
arm-none-eabi-gcc.exe: error: 	-IC:/Users/tgr6hc/Desktop/Embedded_full/GatewayECU_git/FlashBootLoader/Application/main/hardware_handle: Invalid argument
arm-none-eabi-gcc.exe: error: 	-IC:/Users/tgr6hc/Desktop/Embedded_full/GatewayECU_git/FlashBootLoader/Application/main/main_state_machine: Invalid argument
arm-none-eabi-gcc.exe: error: 	-IC:/Users/tgr6hc/Desktop/Embedded_full/GatewayECU_git/FlashBootLoader/Application/NvM_Hdl: Invalid argument
arm-none-eabi-gcc.exe: error: 	-IC:/Users/tgr6hc/Desktop/Embedded_full/GatewayECU_git/FlashBootLoader/Application/Service_Hdl: Invalid argument
arm-none-eabi-gcc.exe: error: 	-IC:/Users/tgr6hc/Desktop/Embedded_full/GatewayECU_git/FlashBootLoader/Application/SWIL_Hdl: Invalid argument


Compiling the C compiler identification source file "CMakeCCompilerId.c" failed.
Compiler: C:/Users/tgr6hc/Downloads/Toolchain/gcc-arm-none-eabi-9-2019-q4-major-win32/bin/arm-none-eabi-gcc.exe 
Build flags: -fmax-errors=100;-std=c99;-c;-mcpu=cortex-m4;-mthumb;--specs=nosys.specs;-DUSE_MCU;;-DUSE_KERNEL_EXTRA;;	-IC:/Users/tgr6hc/Desktop/Embedded_full/GatewayECU_git/FlashBootLoader/MCAL;	-IC:/Users/tgr6hc/Desktop/Embedded_full/GatewayECU_git/FlashBootLoader/MCAL/arm_cm3;	-IC:/Users/tgr6hc/Desktop/Embedded_full/GatewayECU_git/FlashBootLoader/MCAL/arm_cm3/kernel;	-IC:/Users/tgr6hc/Desktop/Embedded_full/GatewayECU_git/FlashBootLoader/MCAL/arm_cm3/drivers/STM32F10x_StdPeriph_Driver/inc;	-IC:/Users/tgr6hc/Desktop/Embedded_full/GatewayECU_git/FlashBootLoader/MCAL/ConfigTypes;		-IC:/Users/tgr6hc/Desktop/Embedded_full/GatewayECU_git/FlashBootLoader/Application/Crc;	-IC:/Users/tgr6hc/Desktop/Embedded_full/GatewayECU_git/FlashBootLoader/Application/Diag_com;	-IC:/Users/tgr6hc/Desktop/Embedded_full/GatewayECU_git/FlashBootLoader/Application/ECU_Cfg;	-IC:/Users/tgr6hc/Desktop/Embedded_full/GatewayECU_git/FlashBootLoader/Application/Flashing_Hdl;	-IC:/Users/tgr6hc/Desktop/Embedded_full/GatewayECU_git/FlashBootLoader/Application/main;	-IC:/Users/tgr6hc/Desktop/Embedded_full/GatewayECU_git/FlashBootLoader/Application/main/hardware_handle;	-IC:/Users/tgr6hc/Desktop/Embedded_full/GatewayECU_git/FlashBootLoader/Application/main/main_state_machine;	-IC:/Users/tgr6hc/Desktop/Embedded_full/GatewayECU_git/FlashBootLoader/Application/NvM_Hdl;	-IC:/Users/tgr6hc/Desktop/Embedded_full/GatewayECU_git/FlashBootLoader/Application/Service_Hdl;	-IC:/Users/tgr6hc/Desktop/Embedded_full/GatewayECU_git/FlashBootLoader/Application/SWIL_Hdl
Id flags: -Aa 

The output was:
1
arm-none-eabi-gcc.exe: error: 	-IC:/Users/tgr6hc/Desktop/Embedded_full/GatewayECU_git/FlashBootLoader/MCAL: Invalid argument
arm-none-eabi-gcc.exe: error: 	-IC:/Users/tgr6hc/Desktop/Embedded_full/GatewayECU_git/FlashBootLoader/MCAL/arm_cm3: Invalid argument
arm-none-eabi-gcc.exe: error: 	-IC:/Users/tgr6hc/Desktop/Embedded_full/GatewayECU_git/FlashBootLoader/MCAL/arm_cm3/kernel: Invalid argument
arm-none-eabi-gcc.exe: error: 	-IC:/Users/tgr6hc/Desktop/Embedded_full/GatewayECU_git/FlashBootLoader/MCAL/arm_cm3/drivers/STM32F10x_StdPeriph_Driver/inc: Invalid argument
arm-none-eabi-gcc.exe: error: 	-IC:/Users/tgr6hc/Desktop/Embedded_full/GatewayECU_git/FlashBootLoader/MCAL/ConfigTypes: Invalid argument
arm-none-eabi-gcc.exe: error: 		-IC:/Users/tgr6hc/Desktop/Embedded_full/GatewayECU_git/FlashBootLoader/Application/Crc: Invalid argument
arm-none-eabi-gcc.exe: error: 	-IC:/Users/tgr6hc/Desktop/Embedded_full/GatewayECU_git/FlashBootLoader/Application/Diag_com: Invalid argument
arm-none-eabi-gcc.exe: error: 	-IC:/Users/tgr6hc/Desktop/Embedded_full/GatewayECU_git/FlashBootLoader/Application/ECU_Cfg: Invalid argument
arm-none-eabi-gcc.exe: error: 	-IC:/Users/tgr6hc/Desktop/Embedded_full/GatewayECU_git/FlashBootLoader/Application/Flashing_Hdl: Invalid argument
arm-none-eabi-gcc.exe: error: 	-IC:/Users/tgr6hc/Desktop/Embedded_full/GatewayECU_git/FlashBootLoader/Application/main: Invalid argument
arm-none-eabi-gcc.exe: error: 	-IC:/Users/tgr6hc/Desktop/Embedded_full/GatewayECU_git/FlashBootLoader/Application/main/hardware_handle: Invalid argument
arm-none-eabi-gcc.exe: error: 	-IC:/Users/tgr6hc/Desktop/Embedded_full/GatewayECU_git/FlashBootLoader/Application/main/main_state_machine: Invalid argument
arm-none-eabi-gcc.exe: error: 	-IC:/Users/tgr6hc/Desktop/Embedded_full/GatewayECU_git/FlashBootLoader/Application/NvM_Hdl: Invalid argument
arm-none-eabi-gcc.exe: error: 	-IC:/Users/tgr6hc/Desktop/Embedded_full/GatewayECU_git/FlashBootLoader/Application/Service_Hdl: Invalid argument
arm-none-eabi-gcc.exe: error: 	-IC:/Users/tgr6hc/Desktop/Embedded_full/GatewayECU_git/FlashBootLoader/Application/SWIL_Hdl: Invalid argument


Compiling the C compiler identification source file "CMakeCCompilerId.c" failed.
Compiler: C:/Users/tgr6hc/Downloads/Toolchain/gcc-arm-none-eabi-9-2019-q4-major-win32/bin/arm-none-eabi-gcc.exe 
Build flags: -fmax-errors=100;-std=c99;-c;-mcpu=cortex-m4;-mthumb;--specs=nosys.specs;-DUSE_MCU;;-DUSE_KERNEL_EXTRA;;	-IC:/Users/tgr6hc/Desktop/Embedded_full/GatewayECU_git/FlashBootLoader/MCAL;	-IC:/Users/tgr6hc/Desktop/Embedded_full/GatewayECU_git/FlashBootLoader/MCAL/arm_cm3;	-IC:/Users/tgr6hc/Desktop/Embedded_full/GatewayECU_git/FlashBootLoader/MCAL/arm_cm3/kernel;	-IC:/Users/tgr6hc/Desktop/Embedded_full/GatewayECU_git/FlashBootLoader/MCAL/arm_cm3/drivers/STM32F10x_StdPeriph_Driver/inc;	-IC:/Users/tgr6hc/Desktop/Embedded_full/GatewayECU_git/FlashBootLoader/MCAL/ConfigTypes;		-IC:/Users/tgr6hc/Desktop/Embedded_full/GatewayECU_git/FlashBootLoader/Application/Crc;	-IC:/Users/tgr6hc/Desktop/Embedded_full/GatewayECU_git/FlashBootLoader/Application/Diag_com;	-IC:/Users/tgr6hc/Desktop/Embedded_full/GatewayECU_git/FlashBootLoader/Application/ECU_Cfg;	-IC:/Users/tgr6hc/Desktop/Embedded_full/GatewayECU_git/FlashBootLoader/Application/Flashing_Hdl;	-IC:/Users/tgr6hc/Desktop/Embedded_full/GatewayECU_git/FlashBootLoader/Application/main;	-IC:/Users/tgr6hc/Desktop/Embedded_full/GatewayECU_git/FlashBootLoader/Application/main/hardware_handle;	-IC:/Users/tgr6hc/Desktop/Embedded_full/GatewayECU_git/FlashBootLoader/Application/main/main_state_machine;	-IC:/Users/tgr6hc/Desktop/Embedded_full/GatewayECU_git/FlashBootLoader/Application/NvM_Hdl;	-IC:/Users/tgr6hc/Desktop/Embedded_full/GatewayECU_git/FlashBootLoader/Application/Service_Hdl;	-IC:/Users/tgr6hc/Desktop/Embedded_full/GatewayECU_git/FlashBootLoader/Application/SWIL_Hdl
Id flags: -D__CLASSIC_C__ 

The output was:
1
arm-none-eabi-gcc.exe: error: 	-IC:/Users/tgr6hc/Desktop/Embedded_full/GatewayECU_git/FlashBootLoader/MCAL: Invalid argument
arm-none-eabi-gcc.exe: error: 	-IC:/Users/tgr6hc/Desktop/Embedded_full/GatewayECU_git/FlashBootLoader/MCAL/arm_cm3: Invalid argument
arm-none-eabi-gcc.exe: error: 	-IC:/Users/tgr6hc/Desktop/Embedded_full/GatewayECU_git/FlashBootLoader/MCAL/arm_cm3/kernel: Invalid argument
arm-none-eabi-gcc.exe: error: 	-IC:/Users/tgr6hc/Desktop/Embedded_full/GatewayECU_git/FlashBootLoader/MCAL/arm_cm3/drivers/STM32F10x_StdPeriph_Driver/inc: Invalid argument
arm-none-eabi-gcc.exe: error: 	-IC:/Users/tgr6hc/Desktop/Embedded_full/GatewayECU_git/FlashBootLoader/MCAL/ConfigTypes: Invalid argument
arm-none-eabi-gcc.exe: error: 		-IC:/Users/tgr6hc/Desktop/Embedded_full/GatewayECU_git/FlashBootLoader/Application/Crc: Invalid argument
arm-none-eabi-gcc.exe: error: 	-IC:/Users/tgr6hc/Desktop/Embedded_full/GatewayECU_git/FlashBootLoader/Application/Diag_com: Invalid argument
arm-none-eabi-gcc.exe: error: 	-IC:/Users/tgr6hc/Desktop/Embedded_full/GatewayECU_git/FlashBootLoader/Application/ECU_Cfg: Invalid argument
arm-none-eabi-gcc.exe: error: 	-IC:/Users/tgr6hc/Desktop/Embedded_full/GatewayECU_git/FlashBootLoader/Application/Flashing_Hdl: Invalid argument
arm-none-eabi-gcc.exe: error: 	-IC:/Users/tgr6hc/Desktop/Embedded_full/GatewayECU_git/FlashBootLoader/Application/main: Invalid argument
arm-none-eabi-gcc.exe: error: 	-IC:/Users/tgr6hc/Desktop/Embedded_full/GatewayECU_git/FlashBootLoader/Application/main/hardware_handle: Invalid argument
arm-none-eabi-gcc.exe: error: 	-IC:/Users/tgr6hc/Desktop/Embedded_full/GatewayECU_git/FlashBootLoader/Application/main/main_state_machine: Invalid argument
arm-none-eabi-gcc.exe: error: 	-IC:/Users/tgr6hc/Desktop/Embedded_full/GatewayECU_git/FlashBootLoader/Application/NvM_Hdl: Invalid argument
arm-none-eabi-gcc.exe: error: 	-IC:/Users/tgr6hc/Desktop/Embedded_full/GatewayECU_git/FlashBootLoader/Application/Service_Hdl: Invalid argument
arm-none-eabi-gcc.exe: error: 	-IC:/Users/tgr6hc/Desktop/Embedded_full/GatewayECU_git/FlashBootLoader/Application/SWIL_Hdl: Invalid argument


Compiling the C compiler identification source file "CMakeCCompilerId.c" failed.
Compiler: C:/Users/tgr6hc/Downloads/Toolchain/gcc-arm-none-eabi-9-2019-q4-major-win32/bin/arm-none-eabi-gcc.exe 
Build flags: -fmax-errors=100;-std=c99;-c;-mcpu=cortex-m4;-mthumb;--specs=nosys.specs;-DUSE_MCU;;-DUSE_KERNEL_EXTRA;;	-IC:/Users/tgr6hc/Desktop/Embedded_full/GatewayECU_git/FlashBootLoader/MCAL;	-IC:/Users/tgr6hc/Desktop/Embedded_full/GatewayECU_git/FlashBootLoader/MCAL/arm_cm3;	-IC:/Users/tgr6hc/Desktop/Embedded_full/GatewayECU_git/FlashBootLoader/MCAL/arm_cm3/kernel;	-IC:/Users/tgr6hc/Desktop/Embedded_full/GatewayECU_git/FlashBootLoader/MCAL/arm_cm3/drivers/STM32F10x_StdPeriph_Driver/inc;	-IC:/Users/tgr6hc/Desktop/Embedded_full/GatewayECU_git/FlashBootLoader/MCAL/ConfigTypes;		-IC:/Users/tgr6hc/Desktop/Embedded_full/GatewayECU_git/FlashBootLoader/Application/Crc;	-IC:/Users/tgr6hc/Desktop/Embedded_full/GatewayECU_git/FlashBootLoader/Application/Diag_com;	-IC:/Users/tgr6hc/Desktop/Embedded_full/GatewayECU_git/FlashBootLoader/Application/ECU_Cfg;	-IC:/Users/tgr6hc/Desktop/Embedded_full/GatewayECU_git/FlashBootLoader/Application/Flashing_Hdl;	-IC:/Users/tgr6hc/Desktop/Embedded_full/GatewayECU_git/FlashBootLoader/Application/main;	-IC:/Users/tgr6hc/Desktop/Embedded_full/GatewayECU_git/FlashBootLoader/Application/main/hardware_handle;	-IC:/Users/tgr6hc/Desktop/Embedded_full/GatewayECU_git/FlashBootLoader/Application/main/main_state_machine;	-IC:/Users/tgr6hc/Desktop/Embedded_full/GatewayECU_git/FlashBootLoader/Application/NvM_Hdl;	-IC:/Users/tgr6hc/Desktop/Embedded_full/GatewayECU_git/FlashBootLoader/Application/Service_Hdl;	-IC:/Users/tgr6hc/Desktop/Embedded_full/GatewayECU_git/FlashBootLoader/Application/SWIL_Hdl
Id flags: --target=arm-arm-none-eabi;-mcpu=cortex-m3 

The output was:
1
arm-none-eabi-gcc.exe: error: 	-IC:/Users/tgr6hc/Desktop/Embedded_full/GatewayECU_git/FlashBootLoader/MCAL: Invalid argument
arm-none-eabi-gcc.exe: error: 	-IC:/Users/tgr6hc/Desktop/Embedded_full/GatewayECU_git/FlashBootLoader/MCAL/arm_cm3: Invalid argument
arm-none-eabi-gcc.exe: error: 	-IC:/Users/tgr6hc/Desktop/Embedded_full/GatewayECU_git/FlashBootLoader/MCAL/arm_cm3/kernel: Invalid argument
arm-none-eabi-gcc.exe: error: 	-IC:/Users/tgr6hc/Desktop/Embedded_full/GatewayECU_git/FlashBootLoader/MCAL/arm_cm3/drivers/STM32F10x_StdPeriph_Driver/inc: Invalid argument
arm-none-eabi-gcc.exe: error: 	-IC:/Users/tgr6hc/Desktop/Embedded_full/GatewayECU_git/FlashBootLoader/MCAL/ConfigTypes: Invalid argument
arm-none-eabi-gcc.exe: error: 		-IC:/Users/tgr6hc/Desktop/Embedded_full/GatewayECU_git/FlashBootLoader/Application/Crc: Invalid argument
arm-none-eabi-gcc.exe: error: 	-IC:/Users/tgr6hc/Desktop/Embedded_full/GatewayECU_git/FlashBootLoader/Application/Diag_com: Invalid argument
arm-none-eabi-gcc.exe: error: 	-IC:/Users/tgr6hc/Desktop/Embedded_full/GatewayECU_git/FlashBootLoader/Application/ECU_Cfg: Invalid argument
arm-none-eabi-gcc.exe: error: 	-IC:/Users/tgr6hc/Desktop/Embedded_full/GatewayECU_git/FlashBootLoader/Application/Flashing_Hdl: Invalid argument
arm-none-eabi-gcc.exe: error: 	-IC:/Users/tgr6hc/Desktop/Embedded_full/GatewayECU_git/FlashBootLoader/Application/main: Invalid argument
arm-none-eabi-gcc.exe: error: 	-IC:/Users/tgr6hc/Desktop/Embedded_full/GatewayECU_git/FlashBootLoader/Application/main/hardware_handle: Invalid argument
arm-none-eabi-gcc.exe: error: 	-IC:/Users/tgr6hc/Desktop/Embedded_full/GatewayECU_git/FlashBootLoader/Application/main/main_state_machine: Invalid argument
arm-none-eabi-gcc.exe: error: 	-IC:/Users/tgr6hc/Desktop/Embedded_full/GatewayECU_git/FlashBootLoader/Application/NvM_Hdl: Invalid argument
arm-none-eabi-gcc.exe: error: 	-IC:/Users/tgr6hc/Desktop/Embedded_full/GatewayECU_git/FlashBootLoader/Application/Service_Hdl: Invalid argument
arm-none-eabi-gcc.exe: error: 	-IC:/Users/tgr6hc/Desktop/Embedded_full/GatewayECU_git/FlashBootLoader/Application/SWIL_Hdl: Invalid argument
arm-none-eabi-gcc.exe: error: unrecognized command line option '--target=arm-arm-none-eabi'


Compiling the C compiler identification source file "CMakeCCompilerId.c" failed.
Compiler: C:/Users/tgr6hc/Downloads/Toolchain/gcc-arm-none-eabi-9-2019-q4-major-win32/bin/arm-none-eabi-gcc.exe 
Build flags: 
Id flags:  

The output was:
1
c:/users/tgr6hc/downloads/toolchain/gcc-arm-none-eabi-9-2019-q4-major-win32/bin/../lib/gcc/arm-none-eabi/9.2.1/../../../../arm-none-eabi/bin/ld.exe: c:/users/tgr6hc/downloads/toolchain/gcc-arm-none-eabi-9-2019-q4-major-win32/bin/../lib/gcc/arm-none-eabi/9.2.1/../../../../arm-none-eabi/lib\libc.a(lib_a-exit.o): in function `exit':
exit.c:(.text.exit+0x2c): undefined reference to `_exit'
collect2.exe: error: ld returned 1 exit status


Compiling the CXX compiler identification source file "CMakeCXXCompilerId.cpp" failed.
Compiler: C:/Users/tgr6hc/Downloads/Toolchain/gcc-arm-none-eabi-9-2019-q4-major-win32/bin/arm-none-eabi-gcc.exe 
Build flags: -fmax-errors=100;-std=gnu11;-c;-mcpu=cortex-m4;-mthumb;;	-IC:/Users/tgr6hc/Desktop/Embedded_full/GatewayECU_git/FlashBootLoader/MCAL;	-IC:/Users/tgr6hc/Desktop/Embedded_full/GatewayECU_git/FlashBootLoader/MCAL/arm_cm3;	-IC:/Users/tgr6hc/Desktop/Embedded_full/GatewayECU_git/FlashBootLoader/MCAL/arm_cm3/kernel;	-IC:/Users/tgr6hc/Desktop/Embedded_full/GatewayECU_git/FlashBootLoader/MCAL/arm_cm3/drivers/STM32F10x_StdPeriph_Driver/inc;	-IC:/Users/tgr6hc/Desktop/Embedded_full/GatewayECU_git/FlashBootLoader/MCAL/ConfigTypes;		-IC:/Users/tgr6hc/Desktop/Embedded_full/GatewayECU_git/FlashBootLoader/Application/Crc;	-IC:/Users/tgr6hc/Desktop/Embedded_full/GatewayECU_git/FlashBootLoader/Application/Diag_com;	-IC:/Users/tgr6hc/Desktop/Embedded_full/GatewayECU_git/FlashBootLoader/Application/ECU_Cfg;	-IC:/Users/tgr6hc/Desktop/Embedded_full/GatewayECU_git/FlashBootLoader/Application/Flashing_Hdl;	-IC:/Users/tgr6hc/Desktop/Embedded_full/GatewayECU_git/FlashBootLoader/Application/main;	-IC:/Users/tgr6hc/Desktop/Embedded_full/GatewayECU_git/FlashBootLoader/Application/main/hardware_handle;	-IC:/Users/tgr6hc/Desktop/Embedded_full/GatewayECU_git/FlashBootLoader/Application/main/main_state_machine;	-IC:/Users/tgr6hc/Desktop/Embedded_full/GatewayECU_git/FlashBootLoader/Application/NvM_Hdl;	-IC:/Users/tgr6hc/Desktop/Embedded_full/GatewayECU_git/FlashBootLoader/Application/Service_Hdl;	-IC:/Users/tgr6hc/Desktop/Embedded_full/GatewayECU_git/FlashBootLoader/Application/SWIL_Hdl
Id flags:  

The output was:
1
arm-none-eabi-gcc.exe: error: 	-IC:/Users/tgr6hc/Desktop/Embedded_full/GatewayECU_git/FlashBootLoader/MCAL: Invalid argument
arm-none-eabi-gcc.exe: error: 	-IC:/Users/tgr6hc/Desktop/Embedded_full/GatewayECU_git/FlashBootLoader/MCAL/arm_cm3: Invalid argument
arm-none-eabi-gcc.exe: error: 	-IC:/Users/tgr6hc/Desktop/Embedded_full/GatewayECU_git/FlashBootLoader/MCAL/arm_cm3/kernel: Invalid argument
arm-none-eabi-gcc.exe: error: 	-IC:/Users/tgr6hc/Desktop/Embedded_full/GatewayECU_git/FlashBootLoader/MCAL/arm_cm3/drivers/STM32F10x_StdPeriph_Driver/inc: Invalid argument
arm-none-eabi-gcc.exe: error: 	-IC:/Users/tgr6hc/Desktop/Embedded_full/GatewayECU_git/FlashBootLoader/MCAL/ConfigTypes: Invalid argument
arm-none-eabi-gcc.exe: error: 		-IC:/Users/tgr6hc/Desktop/Embedded_full/GatewayECU_git/FlashBootLoader/Application/Crc: Invalid argument
arm-none-eabi-gcc.exe: error: 	-IC:/Users/tgr6hc/Desktop/Embedded_full/GatewayECU_git/FlashBootLoader/Application/Diag_com: Invalid argument
arm-none-eabi-gcc.exe: error: 	-IC:/Users/tgr6hc/Desktop/Embedded_full/GatewayECU_git/FlashBootLoader/Application/ECU_Cfg: Invalid argument
arm-none-eabi-gcc.exe: error: 	-IC:/Users/tgr6hc/Desktop/Embedded_full/GatewayECU_git/FlashBootLoader/Application/Flashing_Hdl: Invalid argument
arm-none-eabi-gcc.exe: error: 	-IC:/Users/tgr6hc/Desktop/Embedded_full/GatewayECU_git/FlashBootLoader/Application/main: Invalid argument
arm-none-eabi-gcc.exe: error: 	-IC:/Users/tgr6hc/Desktop/Embedded_full/GatewayECU_git/FlashBootLoader/Application/main/hardware_handle: Invalid argument
arm-none-eabi-gcc.exe: error: 	-IC:/Users/tgr6hc/Desktop/Embedded_full/GatewayECU_git/FlashBootLoader/Application/main/main_state_machine: Invalid argument
arm-none-eabi-gcc.exe: error: 	-IC:/Users/tgr6hc/Desktop/Embedded_full/GatewayECU_git/FlashBootLoader/Application/NvM_Hdl: Invalid argument
arm-none-eabi-gcc.exe: error: 	-IC:/Users/tgr6hc/Desktop/Embedded_full/GatewayECU_git/FlashBootLoader/Application/Service_Hdl: Invalid argument
arm-none-eabi-gcc.exe: error: 	-IC:/Users/tgr6hc/Desktop/Embedded_full/GatewayECU_git/FlashBootLoader/Application/SWIL_Hdl: Invalid argument


Compiling the CXX compiler identification source file "CMakeCXXCompilerId.cpp" failed.
Compiler: C:/Users/tgr6hc/Downloads/Toolchain/gcc-arm-none-eabi-9-2019-q4-major-win32/bin/arm-none-eabi-gcc.exe 
Build flags: -fmax-errors=100;-std=gnu11;-c;-mcpu=cortex-m4;-mthumb;;	-IC:/Users/tgr6hc/Desktop/Embedded_full/GatewayECU_git/FlashBootLoader/MCAL;	-IC:/Users/tgr6hc/Desktop/Embedded_full/GatewayECU_git/FlashBootLoader/MCAL/arm_cm3;	-IC:/Users/tgr6hc/Desktop/Embedded_full/GatewayECU_git/FlashBootLoader/MCAL/arm_cm3/kernel;	-IC:/Users/tgr6hc/Desktop/Embedded_full/GatewayECU_git/FlashBootLoader/MCAL/arm_cm3/drivers/STM32F10x_StdPeriph_Driver/inc;	-IC:/Users/tgr6hc/Desktop/Embedded_full/GatewayECU_git/FlashBootLoader/MCAL/ConfigTypes;		-IC:/Users/tgr6hc/Desktop/Embedded_full/GatewayECU_git/FlashBootLoader/Application/Crc;	-IC:/Users/tgr6hc/Desktop/Embedded_full/GatewayECU_git/FlashBootLoader/Application/Diag_com;	-IC:/Users/tgr6hc/Desktop/Embedded_full/GatewayECU_git/FlashBootLoader/Application/ECU_Cfg;	-IC:/Users/tgr6hc/Desktop/Embedded_full/GatewayECU_git/FlashBootLoader/Application/Flashing_Hdl;	-IC:/Users/tgr6hc/Desktop/Embedded_full/GatewayECU_git/FlashBootLoader/Application/main;	-IC:/Users/tgr6hc/Desktop/Embedded_full/GatewayECU_git/FlashBootLoader/Application/main/hardware_handle;	-IC:/Users/tgr6hc/Desktop/Embedded_full/GatewayECU_git/FlashBootLoader/Application/main/main_state_machine;	-IC:/Users/tgr6hc/Desktop/Embedded_full/GatewayECU_git/FlashBootLoader/Application/NvM_Hdl;	-IC:/Users/tgr6hc/Desktop/Embedded_full/GatewayECU_git/FlashBootLoader/Application/Service_Hdl;	-IC:/Users/tgr6hc/Desktop/Embedded_full/GatewayECU_git/FlashBootLoader/Application/SWIL_Hdl
Id flags: -c 

The output was:
1
arm-none-eabi-gcc.exe: error: 	-IC:/Users/tgr6hc/Desktop/Embedded_full/GatewayECU_git/FlashBootLoader/MCAL: Invalid argument
arm-none-eabi-gcc.exe: error: 	-IC:/Users/tgr6hc/Desktop/Embedded_full/GatewayECU_git/FlashBootLoader/MCAL/arm_cm3: Invalid argument
arm-none-eabi-gcc.exe: error: 	-IC:/Users/tgr6hc/Desktop/Embedded_full/GatewayECU_git/FlashBootLoader/MCAL/arm_cm3/kernel: Invalid argument
arm-none-eabi-gcc.exe: error: 	-IC:/Users/tgr6hc/Desktop/Embedded_full/GatewayECU_git/FlashBootLoader/MCAL/arm_cm3/drivers/STM32F10x_StdPeriph_Driver/inc: Invalid argument
arm-none-eabi-gcc.exe: error: 	-IC:/Users/tgr6hc/Desktop/Embedded_full/GatewayECU_git/FlashBootLoader/MCAL/ConfigTypes: Invalid argument
arm-none-eabi-gcc.exe: error: 		-IC:/Users/tgr6hc/Desktop/Embedded_full/GatewayECU_git/FlashBootLoader/Application/Crc: Invalid argument
arm-none-eabi-gcc.exe: error: 	-IC:/Users/tgr6hc/Desktop/Embedded_full/GatewayECU_git/FlashBootLoader/Application/Diag_com: Invalid argument
arm-none-eabi-gcc.exe: error: 	-IC:/Users/tgr6hc/Desktop/Embedded_full/GatewayECU_git/FlashBootLoader/Application/ECU_Cfg: Invalid argument
arm-none-eabi-gcc.exe: error: 	-IC:/Users/tgr6hc/Desktop/Embedded_full/GatewayECU_git/FlashBootLoader/Application/Flashing_Hdl: Invalid argument
arm-none-eabi-gcc.exe: error: 	-IC:/Users/tgr6hc/Desktop/Embedded_full/GatewayECU_git/FlashBootLoader/Application/main: Invalid argument
arm-none-eabi-gcc.exe: error: 	-IC:/Users/tgr6hc/Desktop/Embedded_full/GatewayECU_git/FlashBootLoader/Application/main/hardware_handle: Invalid argument
arm-none-eabi-gcc.exe: error: 	-IC:/Users/tgr6hc/Desktop/Embedded_full/GatewayECU_git/FlashBootLoader/Application/main/main_state_machine: Invalid argument
arm-none-eabi-gcc.exe: error: 	-IC:/Users/tgr6hc/Desktop/Embedded_full/GatewayECU_git/FlashBootLoader/Application/NvM_Hdl: Invalid argument
arm-none-eabi-gcc.exe: error: 	-IC:/Users/tgr6hc/Desktop/Embedded_full/GatewayECU_git/FlashBootLoader/Application/Service_Hdl: Invalid argument
arm-none-eabi-gcc.exe: error: 	-IC:/Users/tgr6hc/Desktop/Embedded_full/GatewayECU_git/FlashBootLoader/Application/SWIL_Hdl: Invalid argument


Compiling the CXX compiler identification source file "CMakeCXXCompilerId.cpp" failed.
Compiler: C:/Users/tgr6hc/Downloads/Toolchain/gcc-arm-none-eabi-9-2019-q4-major-win32/bin/arm-none-eabi-gcc.exe 
Build flags: -fmax-errors=100;-std=gnu11;-c;-mcpu=cortex-m4;-mthumb;;	-IC:/Users/tgr6hc/Desktop/Embedded_full/GatewayECU_git/FlashBootLoader/MCAL;	-IC:/Users/tgr6hc/Desktop/Embedded_full/GatewayECU_git/FlashBootLoader/MCAL/arm_cm3;	-IC:/Users/tgr6hc/Desktop/Embedded_full/GatewayECU_git/FlashBootLoader/MCAL/arm_cm3/kernel;	-IC:/Users/tgr6hc/Desktop/Embedded_full/GatewayECU_git/FlashBootLoader/MCAL/arm_cm3/drivers/STM32F10x_StdPeriph_Driver/inc;	-IC:/Users/tgr6hc/Desktop/Embedded_full/GatewayECU_git/FlashBootLoader/MCAL/ConfigTypes;		-IC:/Users/tgr6hc/Desktop/Embedded_full/GatewayECU_git/FlashBootLoader/Application/Crc;	-IC:/Users/tgr6hc/Desktop/Embedded_full/GatewayECU_git/FlashBootLoader/Application/Diag_com;	-IC:/Users/tgr6hc/Desktop/Embedded_full/GatewayECU_git/FlashBootLoader/Application/ECU_Cfg;	-IC:/Users/tgr6hc/Desktop/Embedded_full/GatewayECU_git/FlashBootLoader/Application/Flashing_Hdl;	-IC:/Users/tgr6hc/Desktop/Embedded_full/GatewayECU_git/FlashBootLoader/Application/main;	-IC:/Users/tgr6hc/Desktop/Embedded_full/GatewayECU_git/FlashBootLoader/Application/main/hardware_handle;	-IC:/Users/tgr6hc/Desktop/Embedded_full/GatewayECU_git/FlashBootLoader/Application/main/main_state_machine;	-IC:/Users/tgr6hc/Desktop/Embedded_full/GatewayECU_git/FlashBootLoader/Application/NvM_Hdl;	-IC:/Users/tgr6hc/Desktop/Embedded_full/GatewayECU_git/FlashBootLoader/Application/Service_Hdl;	-IC:/Users/tgr6hc/Desktop/Embedded_full/GatewayECU_git/FlashBootLoader/Application/SWIL_Hdl
Id flags: --c++ 

The output was:
1
arm-none-eabi-gcc.exe: error: 	-IC:/Users/tgr6hc/Desktop/Embedded_full/GatewayECU_git/FlashBootLoader/MCAL: Invalid argument
arm-none-eabi-gcc.exe: error: 	-IC:/Users/tgr6hc/Desktop/Embedded_full/GatewayECU_git/FlashBootLoader/MCAL/arm_cm3: Invalid argument
arm-none-eabi-gcc.exe: error: 	-IC:/Users/tgr6hc/Desktop/Embedded_full/GatewayECU_git/FlashBootLoader/MCAL/arm_cm3/kernel: Invalid argument
arm-none-eabi-gcc.exe: error: 	-IC:/Users/tgr6hc/Desktop/Embedded_full/GatewayECU_git/FlashBootLoader/MCAL/arm_cm3/drivers/STM32F10x_StdPeriph_Driver/inc: Invalid argument
arm-none-eabi-gcc.exe: error: 	-IC:/Users/tgr6hc/Desktop/Embedded_full/GatewayECU_git/FlashBootLoader/MCAL/ConfigTypes: Invalid argument
arm-none-eabi-gcc.exe: error: 		-IC:/Users/tgr6hc/Desktop/Embedded_full/GatewayECU_git/FlashBootLoader/Application/Crc: Invalid argument
arm-none-eabi-gcc.exe: error: 	-IC:/Users/tgr6hc/Desktop/Embedded_full/GatewayECU_git/FlashBootLoader/Application/Diag_com: Invalid argument
arm-none-eabi-gcc.exe: error: 	-IC:/Users/tgr6hc/Desktop/Embedded_full/GatewayECU_git/FlashBootLoader/Application/ECU_Cfg: Invalid argument
arm-none-eabi-gcc.exe: error: 	-IC:/Users/tgr6hc/Desktop/Embedded_full/GatewayECU_git/FlashBootLoader/Application/Flashing_Hdl: Invalid argument
arm-none-eabi-gcc.exe: error: 	-IC:/Users/tgr6hc/Desktop/Embedded_full/GatewayECU_git/FlashBootLoader/Application/main: Invalid argument
arm-none-eabi-gcc.exe: error: 	-IC:/Users/tgr6hc/Desktop/Embedded_full/GatewayECU_git/FlashBootLoader/Application/main/hardware_handle: Invalid argument
arm-none-eabi-gcc.exe: error: 	-IC:/Users/tgr6hc/Desktop/Embedded_full/GatewayECU_git/FlashBootLoader/Application/main/main_state_machine: Invalid argument
arm-none-eabi-gcc.exe: error: 	-IC:/Users/tgr6hc/Desktop/Embedded_full/GatewayECU_git/FlashBootLoader/Application/NvM_Hdl: Invalid argument
arm-none-eabi-gcc.exe: error: 	-IC:/Users/tgr6hc/Desktop/Embedded_full/GatewayECU_git/FlashBootLoader/Application/Service_Hdl: Invalid argument
arm-none-eabi-gcc.exe: error: 	-IC:/Users/tgr6hc/Desktop/Embedded_full/GatewayECU_git/FlashBootLoader/Application/SWIL_Hdl: Invalid argument
arm-none-eabi-gcc.exe: error: unrecognized command line option '--c++'


Compiling the CXX compiler identification source file "CMakeCXXCompilerId.cpp" failed.
Compiler: C:/Users/tgr6hc/Downloads/Toolchain/gcc-arm-none-eabi-9-2019-q4-major-win32/bin/arm-none-eabi-gcc.exe 
Build flags: -fmax-errors=100;-std=gnu11;-c;-mcpu=cortex-m4;-mthumb;;	-IC:/Users/tgr6hc/Desktop/Embedded_full/GatewayECU_git/FlashBootLoader/MCAL;	-IC:/Users/tgr6hc/Desktop/Embedded_full/GatewayECU_git/FlashBootLoader/MCAL/arm_cm3;	-IC:/Users/tgr6hc/Desktop/Embedded_full/GatewayECU_git/FlashBootLoader/MCAL/arm_cm3/kernel;	-IC:/Users/tgr6hc/Desktop/Embedded_full/GatewayECU_git/FlashBootLoader/MCAL/arm_cm3/drivers/STM32F10x_StdPeriph_Driver/inc;	-IC:/Users/tgr6hc/Desktop/Embedded_full/GatewayECU_git/FlashBootLoader/MCAL/ConfigTypes;		-IC:/Users/tgr6hc/Desktop/Embedded_full/GatewayECU_git/FlashBootLoader/Application/Crc;	-IC:/Users/tgr6hc/Desktop/Embedded_full/GatewayECU_git/FlashBootLoader/Application/Diag_com;	-IC:/Users/tgr6hc/Desktop/Embedded_full/GatewayECU_git/FlashBootLoader/Application/ECU_Cfg;	-IC:/Users/tgr6hc/Desktop/Embedded_full/GatewayECU_git/FlashBootLoader/Application/Flashing_Hdl;	-IC:/Users/tgr6hc/Desktop/Embedded_full/GatewayECU_git/FlashBootLoader/Application/main;	-IC:/Users/tgr6hc/Desktop/Embedded_full/GatewayECU_git/FlashBootLoader/Application/main/hardware_handle;	-IC:/Users/tgr6hc/Desktop/Embedded_full/GatewayECU_git/FlashBootLoader/Application/main/main_state_machine;	-IC:/Users/tgr6hc/Desktop/Embedded_full/GatewayECU_git/FlashBootLoader/Application/NvM_Hdl;	-IC:/Users/tgr6hc/Desktop/Embedded_full/GatewayECU_git/FlashBootLoader/Application/Service_Hdl;	-IC:/Users/tgr6hc/Desktop/Embedded_full/GatewayECU_git/FlashBootLoader/Application/SWIL_Hdl
Id flags: --ec++ 

The output was:
1
arm-none-eabi-gcc.exe: error: 	-IC:/Users/tgr6hc/Desktop/Embedded_full/GatewayECU_git/FlashBootLoader/MCAL: Invalid argument
arm-none-eabi-gcc.exe: error: 	-IC:/Users/tgr6hc/Desktop/Embedded_full/GatewayECU_git/FlashBootLoader/MCAL/arm_cm3: Invalid argument
arm-none-eabi-gcc.exe: error: 	-IC:/Users/tgr6hc/Desktop/Embedded_full/GatewayECU_git/FlashBootLoader/MCAL/arm_cm3/kernel: Invalid argument
arm-none-eabi-gcc.exe: error: 	-IC:/Users/tgr6hc/Desktop/Embedded_full/GatewayECU_git/FlashBootLoader/MCAL/arm_cm3/drivers/STM32F10x_StdPeriph_Driver/inc: Invalid argument
arm-none-eabi-gcc.exe: error: 	-IC:/Users/tgr6hc/Desktop/Embedded_full/GatewayECU_git/FlashBootLoader/MCAL/ConfigTypes: Invalid argument
arm-none-eabi-gcc.exe: error: 		-IC:/Users/tgr6hc/Desktop/Embedded_full/GatewayECU_git/FlashBootLoader/Application/Crc: Invalid argument
arm-none-eabi-gcc.exe: error: 	-IC:/Users/tgr6hc/Desktop/Embedded_full/GatewayECU_git/FlashBootLoader/Application/Diag_com: Invalid argument
arm-none-eabi-gcc.exe: error: 	-IC:/Users/tgr6hc/Desktop/Embedded_full/GatewayECU_git/FlashBootLoader/Application/ECU_Cfg: Invalid argument
arm-none-eabi-gcc.exe: error: 	-IC:/Users/tgr6hc/Desktop/Embedded_full/GatewayECU_git/FlashBootLoader/Application/Flashing_Hdl: Invalid argument
arm-none-eabi-gcc.exe: error: 	-IC:/Users/tgr6hc/Desktop/Embedded_full/GatewayECU_git/FlashBootLoader/Application/main: Invalid argument
arm-none-eabi-gcc.exe: error: 	-IC:/Users/tgr6hc/Desktop/Embedded_full/GatewayECU_git/FlashBootLoader/Application/main/hardware_handle: Invalid argument
arm-none-eabi-gcc.exe: error: 	-IC:/Users/tgr6hc/Desktop/Embedded_full/GatewayECU_git/FlashBootLoader/Application/main/main_state_machine: Invalid argument
arm-none-eabi-gcc.exe: error: 	-IC:/Users/tgr6hc/Desktop/Embedded_full/GatewayECU_git/FlashBootLoader/Application/NvM_Hdl: Invalid argument
arm-none-eabi-gcc.exe: error: 	-IC:/Users/tgr6hc/Desktop/Embedded_full/GatewayECU_git/FlashBootLoader/Application/Service_Hdl: Invalid argument
arm-none-eabi-gcc.exe: error: 	-IC:/Users/tgr6hc/Desktop/Embedded_full/GatewayECU_git/FlashBootLoader/Application/SWIL_Hdl: Invalid argument
arm-none-eabi-gcc.exe: error: unrecognized command line option '--ec++'; did you mean '-Weffc++'?


Compiling the CXX compiler identification source file "CMakeCXXCompilerId.cpp" failed.
Compiler: C:/Users/tgr6hc/Downloads/Toolchain/gcc-arm-none-eabi-9-2019-q4-major-win32/bin/arm-none-eabi-gcc.exe 
Build flags: -fmax-errors=100;-std=gnu11;-c;-mcpu=cortex-m4;-mthumb;;	-IC:/Users/tgr6hc/Desktop/Embedded_full/GatewayECU_git/FlashBootLoader/MCAL;	-IC:/Users/tgr6hc/Desktop/Embedded_full/GatewayECU_git/FlashBootLoader/MCAL/arm_cm3;	-IC:/Users/tgr6hc/Desktop/Embedded_full/GatewayECU_git/FlashBootLoader/MCAL/arm_cm3/kernel;	-IC:/Users/tgr6hc/Desktop/Embedded_full/GatewayECU_git/FlashBootLoader/MCAL/arm_cm3/drivers/STM32F10x_StdPeriph_Driver/inc;	-IC:/Users/tgr6hc/Desktop/Embedded_full/GatewayECU_git/FlashBootLoader/MCAL/ConfigTypes;		-IC:/Users/tgr6hc/Desktop/Embedded_full/GatewayECU_git/FlashBootLoader/Application/Crc;	-IC:/Users/tgr6hc/Desktop/Embedded_full/GatewayECU_git/FlashBootLoader/Application/Diag_com;	-IC:/Users/tgr6hc/Desktop/Embedded_full/GatewayECU_git/FlashBootLoader/Application/ECU_Cfg;	-IC:/Users/tgr6hc/Desktop/Embedded_full/GatewayECU_git/FlashBootLoader/Application/Flashing_Hdl;	-IC:/Users/tgr6hc/Desktop/Embedded_full/GatewayECU_git/FlashBootLoader/Application/main;	-IC:/Users/tgr6hc/Desktop/Embedded_full/GatewayECU_git/FlashBootLoader/Application/main/hardware_handle;	-IC:/Users/tgr6hc/Desktop/Embedded_full/GatewayECU_git/FlashBootLoader/Application/main/main_state_machine;	-IC:/Users/tgr6hc/Desktop/Embedded_full/GatewayECU_git/FlashBootLoader/Application/NvM_Hdl;	-IC:/Users/tgr6hc/Desktop/Embedded_full/GatewayECU_git/FlashBootLoader/Application/Service_Hdl;	-IC:/Users/tgr6hc/Desktop/Embedded_full/GatewayECU_git/FlashBootLoader/Application/SWIL_Hdl
Id flags: --target=arm-arm-none-eabi;-mcpu=cortex-m3 

The output was:
1
arm-none-eabi-gcc.exe: error: 	-IC:/Users/tgr6hc/Desktop/Embedded_full/GatewayECU_git/FlashBootLoader/MCAL: Invalid argument
arm-none-eabi-gcc.exe: error: 	-IC:/Users/tgr6hc/Desktop/Embedded_full/GatewayECU_git/FlashBootLoader/MCAL/arm_cm3: Invalid argument
arm-none-eabi-gcc.exe: error: 	-IC:/Users/tgr6hc/Desktop/Embedded_full/GatewayECU_git/FlashBootLoader/MCAL/arm_cm3/kernel: Invalid argument
arm-none-eabi-gcc.exe: error: 	-IC:/Users/tgr6hc/Desktop/Embedded_full/GatewayECU_git/FlashBootLoader/MCAL/arm_cm3/drivers/STM32F10x_StdPeriph_Driver/inc: Invalid argument
arm-none-eabi-gcc.exe: error: 	-IC:/Users/tgr6hc/Desktop/Embedded_full/GatewayECU_git/FlashBootLoader/MCAL/ConfigTypes: Invalid argument
arm-none-eabi-gcc.exe: error: 		-IC:/Users/tgr6hc/Desktop/Embedded_full/GatewayECU_git/FlashBootLoader/Application/Crc: Invalid argument
arm-none-eabi-gcc.exe: error: 	-IC:/Users/tgr6hc/Desktop/Embedded_full/GatewayECU_git/FlashBootLoader/Application/Diag_com: Invalid argument
arm-none-eabi-gcc.exe: error: 	-IC:/Users/tgr6hc/Desktop/Embedded_full/GatewayECU_git/FlashBootLoader/Application/ECU_Cfg: Invalid argument
arm-none-eabi-gcc.exe: error: 	-IC:/Users/tgr6hc/Desktop/Embedded_full/GatewayECU_git/FlashBootLoader/Application/Flashing_Hdl: Invalid argument
arm-none-eabi-gcc.exe: error: 	-IC:/Users/tgr6hc/Desktop/Embedded_full/GatewayECU_git/FlashBootLoader/Application/main: Invalid argument
arm-none-eabi-gcc.exe: error: 	-IC:/Users/tgr6hc/Desktop/Embedded_full/GatewayECU_git/FlashBootLoader/Application/main/hardware_handle: Invalid argument
arm-none-eabi-gcc.exe: error: 	-IC:/Users/tgr6hc/Desktop/Embedded_full/GatewayECU_git/FlashBootLoader/Application/main/main_state_machine: Invalid argument
arm-none-eabi-gcc.exe: error: 	-IC:/Users/tgr6hc/Desktop/Embedded_full/GatewayECU_git/FlashBootLoader/Application/NvM_Hdl: Invalid argument
arm-none-eabi-gcc.exe: error: 	-IC:/Users/tgr6hc/Desktop/Embedded_full/GatewayECU_git/FlashBootLoader/Application/Service_Hdl: Invalid argument
arm-none-eabi-gcc.exe: error: 	-IC:/Users/tgr6hc/Desktop/Embedded_full/GatewayECU_git/FlashBootLoader/Application/SWIL_Hdl: Invalid argument
arm-none-eabi-gcc.exe: error: unrecognized command line option '--target=arm-arm-none-eabi'


Compiling the CXX compiler identification source file "CMakeCXXCompilerId.cpp" failed.
Compiler: C:/Users/tgr6hc/Downloads/Toolchain/gcc-arm-none-eabi-9-2019-q4-major-win32/bin/arm-none-eabi-gcc.exe 
Build flags: 
Id flags:  

The output was:
1
c:/users/tgr6hc/downloads/toolchain/gcc-arm-none-eabi-9-2019-q4-major-win32/bin/../lib/gcc/arm-none-eabi/9.2.1/../../../../arm-none-eabi/bin/ld.exe: c:/users/tgr6hc/downloads/toolchain/gcc-arm-none-eabi-9-2019-q4-major-win32/bin/../lib/gcc/arm-none-eabi/9.2.1/../../../../arm-none-eabi/lib\libc.a(lib_a-exit.o): in function `exit':
exit.c:(.text.exit+0x2c): undefined reference to `_exit'
collect2.exe: error: ld returned 1 exit status


Detecting C compiler ABI info failed to compile with the following output:
Change Dir: C:/Users/tgr6hc/Desktop/Embedded_full/GatewayECU_git/FlashBootLoader/build/Application/CMakeFiles/CMakeTmp

Run Build Command(s):mingw32-make cmTC_224db/fast && mingw32-make -f CMakeFiles\cmTC_224db.dir\build.make CMakeFiles/cmTC_224db.dir/build
mingw32-make[1]: Entering directory 'C:/Users/tgr6hc/Desktop/Embedded_full/GatewayECU_git/FlashBootLoader/build/Application/CMakeFiles/CMakeTmp'
Building C object CMakeFiles/cmTC_224db.dir/CMakeCCompilerABI.c.obj
C:\Users\tgr6hc\Downloads\Toolchain\gcc-arm-none-eabi-9-2019-q4-major-win32\bin\arm-none-eabi-gcc.exe   -fmax-errors=100 -std=c99 -c -mcpu=cortex-m4 -mthumb --specs=nosys.specs -DUSE_MCU  -DUSE_KERNEL_EXTRA  	-IC:/Users/tgr6hc/Desktop/Embedded_full/GatewayECU_git/FlashBootLoader/MCAL 	-IC:/Users/tgr6hc/Desktop/Embedded_full/GatewayECU_git/FlashBootLoader/MCAL/arm_cm3 	-IC:/Users/tgr6hc/Desktop/Embedded_full/GatewayECU_git/FlashBootLoader/MCAL/arm_cm3/kernel 	-IC:/Users/tgr6hc/Desktop/Embedded_full/GatewayECU_git/FlashBootLoader/MCAL/arm_cm3/drivers/STM32F10x_StdPeriph_Driver/inc 	-IC:/Users/tgr6hc/Desktop/Embedded_full/GatewayECU_git/FlashBootLoader/MCAL/ConfigTypes 		-IC:/Users/tgr6hc/Desktop/Embedded_full/GatewayECU_git/FlashBootLoader/Application/Crc 	-IC:/Users/tgr6hc/Desktop/Embedded_full/GatewayECU_git/FlashBootLoader/Application/Diag_com 	-IC:/Users/tgr6hc/Desktop/Embedded_full/GatewayECU_git/FlashBootLoader/Application/ECU_Cfg 	-IC:/Users/tgr6hc/Desktop/Embedded_full/GatewayECU_git/FlashBootLoader/Application/Flashing_Hdl 	-IC:/Users/tgr6hc/Desktop/Embedded_full/GatewayECU_git/FlashBootLoader/Application/main 	-IC:/Users/tgr6hc/Desktop/Embedded_full/GatewayECU_git/FlashBootLoader/Application/main/hardware_handle 	-IC:/Users/tgr6hc/Desktop/Embedded_full/GatewayECU_git/FlashBootLoader/Application/main/main_state_machine 	-IC:/Users/tgr6hc/Desktop/Embedded_full/GatewayECU_git/FlashBootLoader/Application/NvM_Hdl 	-IC:/Users/tgr6hc/Desktop/Embedded_full/GatewayECU_git/FlashBootLoader/Application/Service_Hdl 	-IC:/Users/tgr6hc/Desktop/Embedded_full/GatewayECU_git/FlashBootLoader/Application/SWIL_Hdl    -v -o CMakeFiles\cmTC_224db.dir\CMakeCCompilerABI.c.obj   -c C:\Users\tgr6hc\Downloads\Toolchain\cmake-3.15.3-win32-x86\share\cmake-3.15\Modules\CMakeCCompilerABI.c
Using built-in specs.
Reading specs from c:/users/tgr6hc/downloads/toolchain/gcc-arm-none-eabi-9-2019-q4-major-win32/bin/../lib/gcc/arm-none-eabi/9.2.1/../../../../arm-none-eabi/lib/nosys.specs
rename spec link_gcc_c_sequence to nosys_link_gcc_c_sequence
COLLECT_GCC=C:\Users\tgr6hc\Downloads\Toolchain\gcc-arm-none-eabi-9-2019-q4-major-win32\bin\arm-none-eabi-gcc.exe
Target: arm-none-eabi
Configured with: /mnt/workspace/workspace/GCC-9-pipeline/jenkins-GCC-9-pipeline-100_20191030_1572397542/src/gcc/configure --build=x86_64-linux-gnu --host=i686-w64-mingw32 --target=arm-none-eabi --prefix=/mnt/workspace/workspace/GCC-9-pipeline/jenkins-GCC-9-pipeline-100_20191030_1572397542/install-mingw --libexecdir=/mnt/workspace/workspace/GCC-9-pipeline/jenkins-GCC-9-pipeline-100_20191030_1572397542/install-mingw/lib --infodir=/mnt/workspace/workspace/GCC-9-pipeline/jenkins-GCC-9-pipeline-100_20191030_1572397542/install-mingw/share/doc/gcc-arm-none-eabi/info --mandir=/mnt/workspace/workspace/GCC-9-pipeline/jenkins-GCC-9-pipeline-100_20191030_1572397542/install-mingw/share/doc/gcc-arm-none-eabi/man --htmldir=/mnt/workspace/workspace/GCC-9-pipeline/jenkins-GCC-9-pipeline-100_20191030_1572397542/install-mingw/share/doc/gcc-arm-none-eabi/html --pdfdir=/mnt/workspace/workspace/GCC-9-pipeline/jenkins-GCC-9-pipeline-100_20191030_1572397542/install-mingw/share/doc/gcc-arm-none-eabi/pdf --enable-languages=c,c++ --enable-mingw-wildcard --disable-decimal-float --disable-libffi --disable-libgomp --disable-libmudflap --disable-libquadmath --disable-libssp --disable-libstdcxx-pch --disable-nls --disable-shared --disable-threads --disable-tls --with-gnu-as --with-gnu-ld --with-headers=yes --with-newlib --with-python-dir=share/gcc-arm-none-eabi --with-sysroot=/mnt/workspace/workspace/GCC-9-pipeline/jenkins-GCC-9-pipeline-100_20191030_1572397542/install-mingw/arm-none-eabi --with-libiconv-prefix=/mnt/workspace/workspace/GCC-9-pipeline/jenkins-GCC-9-pipeline-100_20191030_1572397542/build-mingw/host-libs/usr --with-gmp=/mnt/workspace/workspace/GCC-9-pipeline/jenkins-GCC-9-pipeline-100_20191030_1572397542/build-mingw/host-libs/usr --with-mpfr=/mnt/workspace/workspace/GCC-9-pipeline/jenkins-GCC-9-pipeline-100_20191030_1572397542/build-mingw/host-libs/usr --with-mpc=/mnt/workspace/workspace/GCC-9-pipeline/jenkins-GCC-9-pipeline-100_20191030_1572397542/build-mingw/host-libs/usr --with-isl=/mnt/workspace/workspace/GCC-9-pipeline/jenkins-GCC-9-pipeline-100_20191030_1572397542/build-mingw/host-libs/usr --with-libelf=/mnt/workspace/workspace/GCC-9-pipeline/jenkins-GCC-9-pipeline-100_20191030_1572397542/build-mingw/host-libs/usr --with-host-libstdcxx='-static-libgcc -Wl,-Bstatic,-lstdc++,-Bdynamic -lm' --with-pkgversion='GNU Tools for Arm Embedded Processors 9-2019-q4-major' --with-multilib-list=rmprofile
Thread model: single
gcc version 9.2.1 20191025 (release) [ARM/arm-9-branch revision 277599] (GNU Tools for Arm Embedded Processors 9-2019-q4-major) 
COLLECT_GCC_OPTIONS='-fmax-errors=100' '-std=c99' '-c' '-mcpu=cortex-m4' '-mthumb' '-specs=nosys.specs' '-D' 'USE_MCU' '-D' 'USE_KERNEL_EXTRA' '-I' 'C:/Users/tgr6hc/Desktop/Embedded_full/GatewayECU_git/FlashBootLoader/MCAL' '-I' 'C:/Users/tgr6hc/Desktop/Embedded_full/GatewayECU_git/FlashBootLoader/MCAL/arm_cm3' '-I' 'C:/Users/tgr6hc/Desktop/Embedded_full/GatewayECU_git/FlashBootLoader/MCAL/arm_cm3/kernel' '-I' 'C:/Users/tgr6hc/Desktop/Embedded_full/GatewayECU_git/FlashBootLoader/MCAL/arm_cm3/drivers/STM32F10x_StdPeriph_Driver/inc' '-I' 'C:/Users/tgr6hc/Desktop/Embedded_full/GatewayECU_git/FlashBootLoader/MCAL/ConfigTypes' '-I' 'C:/Users/tgr6hc/Desktop/Embedded_full/GatewayECU_git/FlashBootLoader/Application/Crc' '-I' 'C:/Users/tgr6hc/Desktop/Embedded_full/GatewayECU_git/FlashBootLoader/Application/Diag_com' '-I' 'C:/Users/tgr6hc/Desktop/Embedded_full/GatewayECU_git/FlashBootLoader/Application/ECU_Cfg' '-I' 'C:/Users/tgr6hc/Desktop/Embedded_full/GatewayECU_git/FlashBootLoader/Application/Flashing_Hdl' '-I' 'C:/Users/tgr6hc/Desktop/Embedded_full/GatewayECU_git/FlashBootLoader/Application/main' '-I' 'C:/Users/tgr6hc/Desktop/Embedded_full/GatewayECU_git/FlashBootLoader/Application/main/hardware_handle' '-I' 'C:/Users/tgr6hc/Desktop/Embedded_full/GatewayECU_git/FlashBootLoader/Application/main/main_state_machine' '-I' 'C:/Users/tgr6hc/Desktop/Embedded_full/GatewayECU_git/FlashBootLoader/Application/NvM_Hdl' '-I' 'C:/Users/tgr6hc/Desktop/Embedded_full/GatewayECU_git/FlashBootLoader/Application/Service_Hdl' '-I' 'C:/Users/tgr6hc/Desktop/Embedded_full/GatewayECU_git/FlashBootLoader/Application/SWIL_Hdl' '-v' '-o' 'CMakeFiles\cmTC_224db.dir\CMakeCCompilerABI.c.obj' '-c' '-mfloat-abi=soft' '-march=armv7e-m'
 c:/users/tgr6hc/downloads/toolchain/gcc-arm-none-eabi-9-2019-q4-major-win32/bin/../lib/gcc/arm-none-eabi/9.2.1/cc1.exe -quiet -v -I C:/Users/tgr6hc/Desktop/Embedded_full/GatewayECU_git/FlashBootLoader/MCAL -I C:/Users/tgr6hc/Desktop/Embedded_full/GatewayECU_git/FlashBootLoader/MCAL/arm_cm3 -I C:/Users/tgr6hc/Desktop/Embedded_full/GatewayECU_git/FlashBootLoader/MCAL/arm_cm3/kernel -I C:/Users/tgr6hc/Desktop/Embedded_full/GatewayECU_git/FlashBootLoader/MCAL/arm_cm3/drivers/STM32F10x_StdPeriph_Driver/inc -I C:/Users/tgr6hc/Desktop/Embedded_full/GatewayECU_git/FlashBootLoader/MCAL/ConfigTypes -I C:/Users/tgr6hc/Desktop/Embedded_full/GatewayECU_git/FlashBootLoader/Application/Crc -I C:/Users/tgr6hc/Desktop/Embedded_full/GatewayECU_git/FlashBootLoader/Application/Diag_com -I C:/Users/tgr6hc/Desktop/Embedded_full/GatewayECU_git/FlashBootLoader/Application/ECU_Cfg -I C:/Users/tgr6hc/Desktop/Embedded_full/GatewayECU_git/FlashBootLoader/Application/Flashing_Hdl -I C:/Users/tgr6hc/Desktop/Embedded_full/GatewayECU_git/FlashBootLoader/Application/main -I C:/Users/tgr6hc/Desktop/Embedded_full/GatewayECU_git/FlashBootLoader/Application/main/hardware_handle -I C:/Users/tgr6hc/Desktop/Embedded_full/GatewayECU_git/FlashBootLoader/Application/main/main_state_machine -I C:/Users/tgr6hc/Desktop/Embedded_full/GatewayECU_git/FlashBootLoader/Application/NvM_Hdl -I C:/Users/tgr6hc/Desktop/Embedded_full/GatewayECU_git/FlashBootLoader/Application/Service_Hdl -I C:/Users/tgr6hc/Desktop/Embedded_full/GatewayECU_git/FlashBootLoader/Application/SWIL_Hdl -imultilib thumb/v7e-m/nofp -iprefix c:\users\tgr6hc\downloads\toolchain\gcc-arm-none-eabi-9-2019-q4-major-win32\bin\../lib/gcc/arm-none-eabi/9.2.1/ -isysroot c:\users\tgr6hc\downloads\toolchain\gcc-arm-none-eabi-9-2019-q4-major-win32\bin\../arm-none-eabi -D__USES_INITFINI__ -D USE_MCU -D USE_KERNEL_EXTRA C:\Users\tgr6hc\Downloads\Toolchain\cmake-3.15.3-win32-x86\share\cmake-3.15\Modules\CMakeCCompilerABI.c -quiet -dumpbase CMakeCCompilerABI.c -mcpu=cortex-m4 -mthumb -mfloat-abi=soft -march=armv7e-m -auxbase-strip CMakeFiles\cmTC_224db.dir\CMakeCCompilerABI.c.obj -std=c99 -version -fmax-errors=100 -o C:\Users\tgr6hc\AppData\Local\Temp\ccPg0nmy.s
GNU C99 (GNU Tools for Arm Embedded Processors 9-2019-q4-major) version 9.2.1 20191025 (release) [ARM/arm-9-branch revision 277599] (arm-none-eabi)
	compiled by GNU C version 5.3.1 20160211, GMP version 6.1.0, MPFR version 3.1.4, MPC version 1.0.3, isl version isl-0.18-GMP

GGC heuristics: --param ggc-min-expand=100 --param ggc-min-heapsize=131072
ignoring duplicate directory "c:/users/tgr6hc/downloads/toolchain/gcc-arm-none-eabi-9-2019-q4-major-win32/lib/gcc/../../lib/gcc/arm-none-eabi/9.2.1/include"
ignoring nonexistent directory "c:\users\tgr6hc\downloads\toolchain\gcc-arm-none-eabi-9-2019-q4-major-win32\bin\../arm-none-eabi/mnt/workspace/workspace/GCC-9-pipeline/jenkins-GCC-9-pipeline-100_20191030_1572397542/install-mingw/lib/gcc/arm-none-eabi/9.2.1/../../../../include"
ignoring duplicate directory "c:/users/tgr6hc/downloads/toolchain/gcc-arm-none-eabi-9-2019-q4-major-win32/lib/gcc/../../lib/gcc/arm-none-eabi/9.2.1/include-fixed"
ignoring duplicate directory "c:/users/tgr6hc/downloads/toolchain/gcc-arm-none-eabi-9-2019-q4-major-win32/lib/gcc/../../lib/gcc/arm-none-eabi/9.2.1/../../../../arm-none-eabi/include"
ignoring nonexistent directory "c:\users\tgr6hc\downloads\toolchain\gcc-arm-none-eabi-9-2019-q4-major-win32\bin\../arm-none-eabi/usr/include"
#include "..." search starts here:
#include <...> search starts here:
 C:/Users/tgr6hc/Desktop/Embedded_full/GatewayECU_git/FlashBootLoader/MCAL
 C:/Users/tgr6hc/Desktop/Embedded_full/GatewayECU_git/FlashBootLoader/MCAL/arm_cm3
 C:/Users/tgr6hc/Desktop/Embedded_full/GatewayECU_git/FlashBootLoader/MCAL/arm_cm3/kernel
 C:/Users/tgr6hc/Desktop/Embedded_full/GatewayECU_git/FlashBootLoader/MCAL/arm_cm3/drivers/STM32F10x_StdPeriph_Driver/inc
 C:/Users/tgr6hc/Desktop/Embedded_full/GatewayECU_git/FlashBootLoader/MCAL/ConfigTypes
 C:/Users/tgr6hc/Desktop/Embedded_full/GatewayECU_git/FlashBootLoader/Application/Crc
 C:/Users/tgr6hc/Desktop/Embedded_full/GatewayECU_git/FlashBootLoader/Application/Diag_com
 C:/Users/tgr6hc/Desktop/Embedded_full/GatewayECU_git/FlashBootLoader/Application/ECU_Cfg
 C:/Users/tgr6hc/Desktop/Embedded_full/GatewayECU_git/FlashBootLoader/Application/Flashing_Hdl
 C:/Users/tgr6hc/Desktop/Embedded_full/GatewayECU_git/FlashBootLoader/Application/main
 C:/Users/tgr6hc/Desktop/Embedded_full/GatewayECU_git/FlashBootLoader/Application/main/hardware_handle
 C:/Users/tgr6hc/Desktop/Embedded_full/GatewayECU_git/FlashBootLoader/Application/main/main_state_machine
 C:/Users/tgr6hc/Desktop/Embedded_full/GatewayECU_git/FlashBootLoader/Application/NvM_Hdl
 C:/Users/tgr6hc/Desktop/Embedded_full/GatewayECU_git/FlashBootLoader/Application/Service_Hdl
 C:/Users/tgr6hc/Desktop/Embedded_full/GatewayECU_git/FlashBootLoader/Application/SWIL_Hdl
 c:\users\tgr6hc\downloads\toolchain\gcc-arm-none-eabi-9-2019-q4-major-win32\bin\../lib/gcc/arm-none-eabi/9.2.1/include
 c:\users\tgr6hc\downloads\toolchain\gcc-arm-none-eabi-9-2019-q4-major-win32\bin\../lib/gcc/arm-none-eabi/9.2.1/include-fixed
 c:\users\tgr6hc\downloads\toolchain\gcc-arm-none-eabi-9-2019-q4-major-win32\bin\../lib/gcc/arm-none-eabi/9.2.1/../../../../arm-none-eabi/include
End of search list.
GNU C99 (GNU Tools for Arm Embedded Processors 9-2019-q4-major) version 9.2.1 20191025 (release) [ARM/arm-9-branch revision 277599] (arm-none-eabi)
	compiled by GNU C version 5.3.1 20160211, GMP version 6.1.0, MPFR version 3.1.4, MPC version 1.0.3, isl version isl-0.18-GMP

GGC heuristics: --param ggc-min-expand=100 --param ggc-min-heapsize=131072
Compiler executable checksum: d48d906eaae8455a6540c74ba2cbe16a
COLLECT_GCC_OPTIONS='-fmax-errors=100' '-std=c99' '-c' '-mcpu=cortex-m4' '-mthumb' '-specs=nosys.specs' '-D' 'USE_MCU' '-D' 'USE_KERNEL_EXTRA' '-I' 'C:/Users/tgr6hc/Desktop/Embedded_full/GatewayECU_git/FlashBootLoader/MCAL' '-I' 'C:/Users/tgr6hc/Desktop/Embedded_full/GatewayECU_git/FlashBootLoader/MCAL/arm_cm3' '-I' 'C:/Users/tgr6hc/Desktop/Embedded_full/GatewayECU_git/FlashBootLoader/MCAL/arm_cm3/kernel' '-I' 'C:/Users/tgr6hc/Desktop/Embedded_full/GatewayECU_git/FlashBootLoader/MCAL/arm_cm3/drivers/STM32F10x_StdPeriph_Driver/inc' '-I' 'C:/Users/tgr6hc/Desktop/Embedded_full/GatewayECU_git/FlashBootLoader/MCAL/ConfigTypes' '-I' 'C:/Users/tgr6hc/Desktop/Embedded_full/GatewayECU_git/FlashBootLoader/Application/Crc' '-I' 'C:/Users/tgr6hc/Desktop/Embedded_full/GatewayECU_git/FlashBootLoader/Application/Diag_com' '-I' 'C:/Users/tgr6hc/Desktop/Embedded_full/GatewayECU_git/FlashBootLoader/Application/ECU_Cfg' '-I' 'C:/Users/tgr6hc/Desktop/Embedded_full/GatewayECU_git/FlashBootLoader/Application/Flashing_Hdl' '-I' 'C:/Users/tgr6hc/Desktop/Embedded_full/GatewayECU_git/FlashBootLoader/Application/main' '-I' 'C:/Users/tgr6hc/Desktop/Embedded_full/GatewayECU_git/FlashBootLoader/Application/main/hardware_handle' '-I' 'C:/Users/tgr6hc/Desktop/Embedded_full/GatewayECU_git/FlashBootLoader/Application/main/main_state_machine' '-I' 'C:/Users/tgr6hc/Desktop/Embedded_full/GatewayECU_git/FlashBootLoader/Application/NvM_Hdl' '-I' 'C:/Users/tgr6hc/Desktop/Embedded_full/GatewayECU_git/FlashBootLoader/Application/Service_Hdl' '-I' 'C:/Users/tgr6hc/Desktop/Embedded_full/GatewayECU_git/FlashBootLoader/Application/SWIL_Hdl' '-v' '-o' 'CMakeFiles\cmTC_224db.dir\CMakeCCompilerABI.c.obj' '-c' '-mfloat-abi=soft' '-march=armv7e-m'
 c:/users/tgr6hc/downloads/toolchain/gcc-arm-none-eabi-9-2019-q4-major-win32/bin/../lib/gcc/arm-none-eabi/9.2.1/../../../../arm-none-eabi/bin/as.exe -v -I C:/Users/tgr6hc/Desktop/Embedded_full/GatewayECU_git/FlashBootLoader/MCAL -I C:/Users/tgr6hc/Desktop/Embedded_full/GatewayECU_git/FlashBootLoader/MCAL/arm_cm3 -I C:/Users/tgr6hc/Desktop/Embedded_full/GatewayECU_git/FlashBootLoader/MCAL/arm_cm3/kernel -I C:/Users/tgr6hc/Desktop/Embedded_full/GatewayECU_git/FlashBootLoader/MCAL/arm_cm3/drivers/STM32F10x_StdPeriph_Driver/inc -I C:/Users/tgr6hc/Desktop/Embedded_full/GatewayECU_git/FlashBootLoader/MCAL/ConfigTypes -I C:/Users/tgr6hc/Desktop/Embedded_full/GatewayECU_git/FlashBootLoader/Application/Crc -I C:/Users/tgr6hc/Desktop/Embedded_full/GatewayECU_git/FlashBootLoader/Application/Diag_com -I C:/Users/tgr6hc/Desktop/Embedded_full/GatewayECU_git/FlashBootLoader/Application/ECU_Cfg -I C:/Users/tgr6hc/Desktop/Embedded_full/GatewayECU_git/FlashBootLoader/Application/Flashing_Hdl -I C:/Users/tgr6hc/Desktop/Embedded_full/GatewayECU_git/FlashBootLoader/Application/main -I C:/Users/tgr6hc/Desktop/Embedded_full/GatewayECU_git/FlashBootLoader/Application/main/hardware_handle -I C:/Users/tgr6hc/Desktop/Embedded_full/GatewayECU_git/FlashBootLoader/Application/main/main_state_machine -I C:/Users/tgr6hc/Desktop/Embedded_full/GatewayECU_git/FlashBootLoader/Application/NvM_Hdl -I C:/Users/tgr6hc/Desktop/Embedded_full/GatewayECU_git/FlashBootLoader/Application/Service_Hdl -I C:/Users/tgr6hc/Desktop/Embedded_full/GatewayECU_git/FlashBootLoader/Application/SWIL_Hdl -march=armv7e-m -mfloat-abi=soft -meabi=5 -o CMakeFiles\cmTC_224db.dir\CMakeCCompilerABI.c.obj C:\Users\tgr6hc\AppData\Local\Temp\ccPg0nmy.s
GNU assembler version 2.33.1 (arm-none-eabi) using BFD version (GNU Tools for Arm Embedded Processors 9-2019-q4-major) 2.33.1.20191025
COMPILER_PATH=c:/users/tgr6hc/downloads/toolchain/gcc-arm-none-eabi-9-2019-q4-major-win32/bin/../lib/gcc/arm-none-eabi/9.2.1/;c:/users/tgr6hc/downloads/toolchain/gcc-arm-none-eabi-9-2019-q4-major-win32/bin/../lib/gcc/;c:/users/tgr6hc/downloads/toolchain/gcc-arm-none-eabi-9-2019-q4-major-win32/bin/../lib/gcc/arm-none-eabi/9.2.1/../../../../arm-none-eabi/bin/
LIBRARY_PATH=c:/users/tgr6hc/downloads/toolchain/gcc-arm-none-eabi-9-2019-q4-major-win32/bin/../lib/gcc/arm-none-eabi/9.2.1/thumb/v7e-m/nofp/;c:/users/tgr6hc/downloads/toolchain/gcc-arm-none-eabi-9-2019-q4-major-win32/bin/../lib/gcc/arm-none-eabi/9.2.1/../../../../arm-none-eabi/lib/thumb/v7e-m/nofp/;c:/users/tgr6hc/downloads/toolchain/gcc-arm-none-eabi-9-2019-q4-major-win32/bin/../arm-none-eabi/lib/thumb/v7e-m/nofp/;c:/users/tgr6hc/downloads/toolchain/gcc-arm-none-eabi-9-2019-q4-major-win32/bin/../lib/gcc/arm-none-eabi/9.2.1/;c:/users/tgr6hc/downloads/toolchain/gcc-arm-none-eabi-9-2019-q4-major-win32/bin/../lib/gcc/;c:/users/tgr6hc/downloads/toolchain/gcc-arm-none-eabi-9-2019-q4-major-win32/bin/../lib/gcc/arm-none-eabi/9.2.1/../../../../arm-none-eabi/lib/;c:/users/tgr6hc/downloads/toolchain/gcc-arm-none-eabi-9-2019-q4-major-win32/bin/../arm-none-eabi/lib/
COLLECT_GCC_OPTIONS='-fmax-errors=100' '-std=c99' '-c' '-mcpu=cortex-m4' '-mthumb' '-specs=nosys.specs' '-D' 'USE_MCU' '-D' 'USE_KERNEL_EXTRA' '-I' 'C:/Users/tgr6hc/Desktop/Embedded_full/GatewayECU_git/FlashBootLoader/MCAL' '-I' 'C:/Users/tgr6hc/Desktop/Embedded_full/GatewayECU_git/FlashBootLoader/MCAL/arm_cm3' '-I' 'C:/Users/tgr6hc/Desktop/Embedded_full/GatewayECU_git/FlashBootLoader/MCAL/arm_cm3/kernel' '-I' 'C:/Users/tgr6hc/Desktop/Embedded_full/GatewayECU_git/FlashBootLoader/MCAL/arm_cm3/drivers/STM32F10x_StdPeriph_Driver/inc' '-I' 'C:/Users/tgr6hc/Desktop/Embedded_full/GatewayECU_git/FlashBootLoader/MCAL/ConfigTypes' '-I' 'C:/Users/tgr6hc/Desktop/Embedded_full/GatewayECU_git/FlashBootLoader/Application/Crc' '-I' 'C:/Users/tgr6hc/Desktop/Embedded_full/GatewayECU_git/FlashBootLoader/Application/Diag_com' '-I' 'C:/Users/tgr6hc/Desktop/Embedded_full/GatewayECU_git/FlashBootLoader/Application/ECU_Cfg' '-I' 'C:/Users/tgr6hc/Desktop/Embedded_full/GatewayECU_git/FlashBootLoader/Application/Flashing_Hdl' '-I' 'C:/Users/tgr6hc/Desktop/Embedded_full/GatewayECU_git/FlashBootLoader/Application/main' '-I' 'C:/Users/tgr6hc/Desktop/Embedded_full/GatewayECU_git/FlashBootLoader/Application/main/hardware_handle' '-I' 'C:/Users/tgr6hc/Desktop/Embedded_full/GatewayECU_git/FlashBootLoader/Application/main/main_state_machine' '-I' 'C:/Users/tgr6hc/Desktop/Embedded_full/GatewayECU_git/FlashBootLoader/Application/NvM_Hdl' '-I' 'C:/Users/tgr6hc/Desktop/Embedded_full/GatewayECU_git/FlashBootLoader/Application/Service_Hdl' '-I' 'C:/Users/tgr6hc/Desktop/Embedded_full/GatewayECU_git/FlashBootLoader/Application/SWIL_Hdl' '-v' '-o' 'CMakeFiles\cmTC_224db.dir\CMakeCCompilerABI.c.obj' '-c' '-mfloat-abi=soft' '-march=armv7e-m'
Linking C executable cmTC_224db.exe
C:\Users\tgr6hc\Downloads\Toolchain\cmake-3.15.3-win32-x86\bin\cmake.exe -E cmake_link_script CMakeFiles\cmTC_224db.dir\link.txt --verbose=1
C:\Users\tgr6hc\Downloads\Toolchain\cmake-3.15.3-win32-x86\bin\cmake.exe -E remove -f CMakeFiles\cmTC_224db.dir/objects.a
C:\Users\tgr6hc\Downloads\Toolchain\gcc-arm-none-eabi-9-2019-q4-major-win32\arm-none-eabi\bin\ar.exe cr CMakeFiles\cmTC_224db.dir/objects.a @CMakeFiles\cmTC_224db.dir\objects1.rsp
C:\Users\tgr6hc\Downloads\Toolchain\gcc-arm-none-eabi-9-2019-q4-major-win32\bin\arm-none-eabi-gcc.exe -fmax-errors=100 -std=c99 -c -mcpu=cortex-m4 -mthumb --specs=nosys.specs -DUSE_MCU  -DUSE_KERNEL_EXTRA  	-IC:/Users/tgr6hc/Desktop/Embedded_full/GatewayECU_git/FlashBootLoader/MCAL 	-IC:/Users/tgr6hc/Desktop/Embedded_full/GatewayECU_git/FlashBootLoader/MCAL/arm_cm3 	-IC:/Users/tgr6hc/Desktop/Embedded_full/GatewayECU_git/FlashBootLoader/MCAL/arm_cm3/kernel 	-IC:/Users/tgr6hc/Desktop/Embedded_full/GatewayECU_git/FlashBootLoader/MCAL/arm_cm3/drivers/STM32F10x_StdPeriph_Driver/inc 	-IC:/Users/tgr6hc/Desktop/Embedded_full/GatewayECU_git/FlashBootLoader/MCAL/ConfigTypes 		-IC:/Users/tgr6hc/Desktop/Embedded_full/GatewayECU_git/FlashBootLoader/Application/Crc 	-IC:/Users/tgr6hc/Desktop/Embedded_full/GatewayECU_git/FlashBootLoader/Application/Diag_com 	-IC:/Users/tgr6hc/Desktop/Embedded_full/GatewayECU_git/FlashBootLoader/Application/ECU_Cfg 	-IC:/Users/tgr6hc/Desktop/Embedded_full/GatewayECU_git/FlashBootLoader/Application/Flashing_Hdl 	-IC:/Users/tgr6hc/Desktop/Embedded_full/GatewayECU_git/FlashBootLoader/Application/main 	-IC:/Users/tgr6hc/Desktop/Embedded_full/GatewayECU_git/FlashBootLoader/Application/main/hardware_handle 	-IC:/Users/tgr6hc/Desktop/Embedded_full/GatewayECU_git/FlashBootLoader/Application/main/main_state_machine 	-IC:/Users/tgr6hc/Desktop/Embedded_full/GatewayECU_git/FlashBootLoader/Application/NvM_Hdl 	-IC:/Users/tgr6hc/Desktop/Embedded_full/GatewayECU_git/FlashBootLoader/Application/Service_Hdl 	-IC:/Users/tgr6hc/Desktop/Embedded_full/GatewayECU_git/FlashBootLoader/Application/SWIL_Hdl    -v -Wl,--whole-archive CMakeFiles\cmTC_224db.dir/objects.a -Wl,--no-whole-archive  -o cmTC_224db.exe -Wl,--out-implib,libcmTC_224db.dll.a -Wl,--major-image-version,0,--minor-image-version,0 
Using built-in specs.
Reading specs from c:/users/tgr6hc/downloads/toolchain/gcc-arm-none-eabi-9-2019-q4-major-win32/bin/../lib/gcc/arm-none-eabi/9.2.1/../../../../arm-none-eabi/lib/nosys.specs
rename spec link_gcc_c_sequence to nosys_link_gcc_c_sequence
COLLECT_GCC=C:\Users\tgr6hc\Downloads\Toolchain\gcc-arm-none-eabi-9-2019-q4-major-win32\bin\arm-none-eabi-gcc.exe
Target: arm-none-eabi
Configured with: /mnt/workspace/workspace/GCC-9-pipeline/jenkins-GCC-9-pipeline-100_20191030_1572397542/src/gcc/configure --build=x86_64-linux-gnu --host=i686-w64-mingw32 --target=arm-none-eabi --prefix=/mnt/workspace/workspace/GCC-9-pipeline/jenkins-GCC-9-pipeline-100_20191030_1572397542/install-mingw --libexecdir=/mnt/workspace/workspace/GCC-9-pipeline/jenkins-GCC-9-pipeline-100_20191030_1572397542/install-mingw/lib --infodir=/mnt/workspace/workspace/GCC-9-pipeline/jenkins-GCC-9-pipeline-100_20191030_1572397542/install-mingw/share/doc/gcc-arm-none-eabi/info --mandir=/mnt/workspace/workspace/GCC-9-pipeline/jenkins-GCC-9-pipeline-100_20191030_1572397542/install-mingw/share/doc/gcc-arm-none-eabi/man --htmldir=/mnt/workspace/workspace/GCC-9-pipeline/jenkins-GCC-9-pipeline-100_20191030_1572397542/install-mingw/share/doc/gcc-arm-none-eabi/html --pdfdir=/mnt/workspace/workspace/GCC-9-pipeline/jenkins-GCC-9-pipeline-100_20191030_1572397542/install-mingw/share/doc/gcc-arm-none-eabi/pdf --enable-languages=c,c++ --enable-mingw-wildcard --disable-decimal-float --disable-libffi --disable-libgomp --disable-libmudflap --disable-libquadmath --disable-libssp --disable-libstdcxx-pch --disable-nls --disable-shared --disable-threads --disable-tls --with-gnu-as --with-gnu-ld --with-headers=yes --with-newlib --with-python-dir=share/gcc-arm-none-eabi --with-sysroot=/mnt/workspace/workspace/GCC-9-pipeline/jenkins-GCC-9-pipeline-100_20191030_1572397542/install-mingw/arm-none-eabi --with-libiconv-prefix=/mnt/workspace/workspace/GCC-9-pipeline/jenkins-GCC-9-pipeline-100_20191030_1572397542/build-mingw/host-libs/usr --with-gmp=/mnt/workspace/workspace/GCC-9-pipeline/jenkins-GCC-9-pipeline-100_20191030_1572397542/build-mingw/host-libs/usr --with-mpfr=/mnt/workspace/workspace/GCC-9-pipeline/jenkins-GCC-9-pipeline-100_20191030_1572397542/build-mingw/host-libs/usr --with-mpc=/mnt/workspace/workspace/GCC-9-pipeline/jenkins-GCC-9-pipeline-100_20191030_1572397542/build-mingw/host-libs/usr --with-isl=/mnt/workspace/workspace/GCC-9-pipeline/jenkins-GCC-9-pipeline-100_20191030_1572397542/build-mingw/host-libs/usr --with-libelf=/mnt/workspace/workspace/GCC-9-pipeline/jenkins-GCC-9-pipeline-100_20191030_1572397542/build-mingw/host-libs/usr --with-host-libstdcxx='-static-libgcc -Wl,-Bstatic,-lstdc++,-Bdynamic -lm' --with-pkgversion='GNU Tools for Arm Embedded Processors 9-2019-q4-major' --with-multilib-list=rmprofile
Thread model: single
gcc version 9.2.1 20191025 (release) [ARM/arm-9-branch revision 277599] (GNU Tools for Arm Embedded Processors 9-2019-q4-major) 
COMPILER_PATH=c:/users/tgr6hc/downloads/toolchain/gcc-arm-none-eabi-9-2019-q4-major-win32/bin/../lib/gcc/arm-none-eabi/9.2.1/;c:/users/tgr6hc/downloads/toolchain/gcc-arm-none-eabi-9-2019-q4-major-win32/bin/../lib/gcc/;c:/users/tgr6hc/downloads/toolchain/gcc-arm-none-eabi-9-2019-q4-major-win32/bin/../lib/gcc/arm-none-eabi/9.2.1/../../../../arm-none-eabi/bin/
LIBRARY_PATH=c:/users/tgr6hc/downloads/toolchain/gcc-arm-none-eabi-9-2019-q4-major-win32/bin/../lib/gcc/arm-none-eabi/9.2.1/thumb/v7e-m/nofp/;c:/users/tgr6hc/downloads/toolchain/gcc-arm-none-eabi-9-2019-q4-major-win32/bin/../lib/gcc/arm-none-eabi/9.2.1/../../../../arm-none-eabi/lib/thumb/v7e-m/nofp/;c:/users/tgr6hc/downloads/toolchain/gcc-arm-none-eabi-9-2019-q4-major-win32/bin/../arm-none-eabi/lib/thumb/v7e-m/nofp/;c:/users/tgr6hc/downloads/toolchain/gcc-arm-none-eabi-9-2019-q4-major-win32/bin/../lib/gcc/arm-none-eabi/9.2.1/;c:/users/tgr6hc/downloads/toolchain/gcc-arm-none-eabi-9-2019-q4-major-win32/bin/../lib/gcc/;c:/users/tgr6hc/downloads/toolchain/gcc-arm-none-eabi-9-2019-q4-major-win32/bin/../lib/gcc/arm-none-eabi/9.2.1/../../../../arm-none-eabi/lib/;c:/users/tgr6hc/downloads/toolchain/gcc-arm-none-eabi-9-2019-q4-major-win32/bin/../arm-none-eabi/lib/
COLLECT_GCC_OPTIONS='-fmax-errors=100' '-std=c99' '-c' '-mcpu=cortex-m4' '-mthumb' '-specs=nosys.specs' '-D' 'USE_MCU' '-D' 'USE_KERNEL_EXTRA' '-I' 'C:/Users/tgr6hc/Desktop/Embedded_full/GatewayECU_git/FlashBootLoader/MCAL' '-I' 'C:/Users/tgr6hc/Desktop/Embedded_full/GatewayECU_git/FlashBootLoader/MCAL/arm_cm3' '-I' 'C:/Users/tgr6hc/Desktop/Embedded_full/GatewayECU_git/FlashBootLoader/MCAL/arm_cm3/kernel' '-I' 'C:/Users/tgr6hc/Desktop/Embedded_full/GatewayECU_git/FlashBootLoader/MCAL/arm_cm3/drivers/STM32F10x_StdPeriph_Driver/inc' '-I' 'C:/Users/tgr6hc/Desktop/Embedded_full/GatewayECU_git/FlashBootLoader/MCAL/ConfigTypes' '-I' 'C:/Users/tgr6hc/Desktop/Embedded_full/GatewayECU_git/FlashBootLoader/Application/Crc' '-I' 'C:/Users/tgr6hc/Desktop/Embedded_full/GatewayECU_git/FlashBootLoader/Application/Diag_com' '-I' 'C:/Users/tgr6hc/Desktop/Embedded_full/GatewayECU_git/FlashBootLoader/Application/ECU_Cfg' '-I' 'C:/Users/tgr6hc/Desktop/Embedded_full/GatewayECU_git/FlashBootLoader/Application/Flashing_Hdl' '-I' 'C:/Users/tgr6hc/Desktop/Embedded_full/GatewayECU_git/FlashBootLoader/Application/main' '-I' 'C:/Users/tgr6hc/Desktop/Embedded_full/GatewayECU_git/FlashBootLoader/Application/main/hardware_handle' '-I' 'C:/Users/tgr6hc/Desktop/Embedded_full/GatewayECU_git/FlashBootLoader/Application/main/main_state_machine' '-I' 'C:/Users/tgr6hc/Desktop/Embedded_full/GatewayECU_git/FlashBootLoader/Application/NvM_Hdl' '-I' 'C:/Users/tgr6hc/Desktop/Embedded_full/GatewayECU_git/FlashBootLoader/Application/Service_Hdl' '-I' 'C:/Users/tgr6hc/Desktop/Embedded_full/GatewayECU_git/FlashBootLoader/Application/SWIL_Hdl' '-v' '-o' 'cmTC_224db.exe' '-mfloat-abi=soft' '-march=armv7e-m'
arm-none-eabi-gcc.exe: warning: CMakeFiles\cmTC_224db.dir/objects.a: linker input file unused because linking not done
mingw32-make[1]: Leaving directory 'C:/Users/tgr6hc/Desktop/Embedded_full/GatewayECU_git/FlashBootLoader/build/Application/CMakeFiles/CMakeTmp'


Cannot copy output executable
  ''
to destination specified by COPY_FILE:
  'C:/Users/tgr6hc/Desktop/Embedded_full/GatewayECU_git/FlashBootLoader/build/Application/CMakeFiles/3.15.3/CMakeDetermineCompilerABI_C.bin'
Unable to find the executable at any of:
  C:/Users/tgr6hc/Desktop/Embedded_full/GatewayECU_git/FlashBootLoader/build/Application/CMakeFiles/CMakeTmp/cmTC_224db.exe
  C:/Users/tgr6hc/Desktop/Embedded_full/GatewayECU_git/FlashBootLoader/build/Application/CMakeFiles/CMakeTmp/Debug/cmTC_224db.exe
  C:/Users/tgr6hc/Desktop/Embedded_full/GatewayECU_git/FlashBootLoader/build/Application/CMakeFiles/CMakeTmp/Development/cmTC_224db.exe


Detecting CXX compiler ABI info failed to compile with the following output:
Change Dir: C:/Users/tgr6hc/Desktop/Embedded_full/GatewayECU_git/FlashBootLoader/build/Application/CMakeFiles/CMakeTmp

Run Build Command(s):mingw32-make cmTC_20a1d/fast && mingw32-make -f CMakeFiles\cmTC_20a1d.dir\build.make CMakeFiles/cmTC_20a1d.dir/build
mingw32-make[1]: Entering directory 'C:/Users/tgr6hc/Desktop/Embedded_full/GatewayECU_git/FlashBootLoader/build/Application/CMakeFiles/CMakeTmp'
Building CXX object CMakeFiles/cmTC_20a1d.dir/CMakeCXXCompilerABI.cpp.obj
C:\Users\tgr6hc\Downloads\Toolchain\gcc-arm-none-eabi-9-2019-q4-major-win32\bin\arm-none-eabi-gcc.exe    -fmax-errors=100 -std=gnu11 -c -mcpu=cortex-m4 -mthumb  	-IC:/Users/tgr6hc/Desktop/Embedded_full/GatewayECU_git/FlashBootLoader/MCAL 	-IC:/Users/tgr6hc/Desktop/Embedded_full/GatewayECU_git/FlashBootLoader/MCAL/arm_cm3 	-IC:/Users/tgr6hc/Desktop/Embedded_full/GatewayECU_git/FlashBootLoader/MCAL/arm_cm3/kernel 	-IC:/Users/tgr6hc/Desktop/Embedded_full/GatewayECU_git/FlashBootLoader/MCAL/arm_cm3/drivers/STM32F10x_StdPeriph_Driver/inc 	-IC:/Users/tgr6hc/Desktop/Embedded_full/GatewayECU_git/FlashBootLoader/MCAL/ConfigTypes 		-IC:/Users/tgr6hc/Desktop/Embedded_full/GatewayECU_git/FlashBootLoader/Application/Crc 	-IC:/Users/tgr6hc/Desktop/Embedded_full/GatewayECU_git/FlashBootLoader/Application/Diag_com 	-IC:/Users/tgr6hc/Desktop/Embedded_full/GatewayECU_git/FlashBootLoader/Application/ECU_Cfg 	-IC:/Users/tgr6hc/Desktop/Embedded_full/GatewayECU_git/FlashBootLoader/Application/Flashing_Hdl 	-IC:/Users/tgr6hc/Desktop/Embedded_full/GatewayECU_git/FlashBootLoader/Application/main 	-IC:/Users/tgr6hc/Desktop/Embedded_full/GatewayECU_git/FlashBootLoader/Application/main/hardware_handle 	-IC:/Users/tgr6hc/Desktop/Embedded_full/GatewayECU_git/FlashBootLoader/Application/main/main_state_machine 	-IC:/Users/tgr6hc/Desktop/Embedded_full/GatewayECU_git/FlashBootLoader/Application/NvM_Hdl 	-IC:/Users/tgr6hc/Desktop/Embedded_full/GatewayECU_git/FlashBootLoader/Application/Service_Hdl 	-IC:/Users/tgr6hc/Desktop/Embedded_full/GatewayECU_git/FlashBootLoader/Application/SWIL_Hdl    -v -o CMakeFiles\cmTC_20a1d.dir\CMakeCXXCompilerABI.cpp.obj -c C:\Users\tgr6hc\Downloads\Toolchain\cmake-3.15.3-win32-x86\share\cmake-3.15\Modules\CMakeCXXCompilerABI.cpp
Using built-in specs.
COLLECT_GCC=C:\Users\tgr6hc\Downloads\Toolchain\gcc-arm-none-eabi-9-2019-q4-major-win32\bin\arm-none-eabi-gcc.exe
Target: arm-none-eabi
Configured with: /mnt/workspace/workspace/GCC-9-pipeline/jenkins-GCC-9-pipeline-100_20191030_1572397542/src/gcc/configure --build=x86_64-linux-gnu --host=i686-w64-mingw32 --target=arm-none-eabi --prefix=/mnt/workspace/workspace/GCC-9-pipeline/jenkins-GCC-9-pipeline-100_20191030_1572397542/install-mingw --libexecdir=/mnt/workspace/workspace/GCC-9-pipeline/jenkins-GCC-9-pipeline-100_20191030_1572397542/install-mingw/lib --infodir=/mnt/workspace/workspace/GCC-9-pipeline/jenkins-GCC-9-pipeline-100_20191030_1572397542/install-mingw/share/doc/gcc-arm-none-eabi/info --mandir=/mnt/workspace/workspace/GCC-9-pipeline/jenkins-GCC-9-pipeline-100_20191030_1572397542/install-mingw/share/doc/gcc-arm-none-eabi/man --htmldir=/mnt/workspace/workspace/GCC-9-pipeline/jenkins-GCC-9-pipeline-100_20191030_1572397542/install-mingw/share/doc/gcc-arm-none-eabi/html --pdfdir=/mnt/workspace/workspace/GCC-9-pipeline/jenkins-GCC-9-pipeline-100_20191030_1572397542/install-mingw/share/doc/gcc-arm-none-eabi/pdf --enable-languages=c,c++ --enable-mingw-wildcard --disable-decimal-float --disable-libffi --disable-libgomp --disable-libmudflap --disable-libquadmath --disable-libssp --disable-libstdcxx-pch --disable-nls --disable-shared --disable-threads --disable-tls --with-gnu-as --with-gnu-ld --with-headers=yes --with-newlib --with-python-dir=share/gcc-arm-none-eabi --with-sysroot=/mnt/workspace/workspace/GCC-9-pipeline/jenkins-GCC-9-pipeline-100_20191030_1572397542/install-mingw/arm-none-eabi --with-libiconv-prefix=/mnt/workspace/workspace/GCC-9-pipeline/jenkins-GCC-9-pipeline-100_20191030_1572397542/build-mingw/host-libs/usr --with-gmp=/mnt/workspace/workspace/GCC-9-pipeline/jenkins-GCC-9-pipeline-100_20191030_1572397542/build-mingw/host-libs/usr --with-mpfr=/mnt/workspace/workspace/GCC-9-pipeline/jenkins-GCC-9-pipeline-100_20191030_1572397542/build-mingw/host-libs/usr --with-mpc=/mnt/workspace/workspace/GCC-9-pipeline/jenkins-GCC-9-pipeline-100_20191030_1572397542/build-mingw/host-libs/usr --with-isl=/mnt/workspace/workspace/GCC-9-pipeline/jenkins-GCC-9-pipeline-100_20191030_1572397542/build-mingw/host-libs/usr --with-libelf=/mnt/workspace/workspace/GCC-9-pipeline/jenkins-GCC-9-pipeline-100_20191030_1572397542/build-mingw/host-libs/usr --with-host-libstdcxx='-static-libgcc -Wl,-Bstatic,-lstdc++,-Bdynamic -lm' --with-pkgversion='GNU Tools for Arm Embedded Processors 9-2019-q4-major' --with-multilib-list=rmprofile
Thread model: single
gcc version 9.2.1 20191025 (release) [ARM/arm-9-branch revision 277599] (GNU Tools for Arm Embedded Processors 9-2019-q4-major) 
COLLECT_GCC_OPTIONS='-fmax-errors=100' '-std=gnu11' '-c' '-mcpu=cortex-m4' '-mthumb' '-I' 'C:/Users/tgr6hc/Desktop/Embedded_full/GatewayECU_git/FlashBootLoader/MCAL' '-I' 'C:/Users/tgr6hc/Desktop/Embedded_full/GatewayECU_git/FlashBootLoader/MCAL/arm_cm3' '-I' 'C:/Users/tgr6hc/Desktop/Embedded_full/GatewayECU_git/FlashBootLoader/MCAL/arm_cm3/kernel' '-I' 'C:/Users/tgr6hc/Desktop/Embedded_full/GatewayECU_git/FlashBootLoader/MCAL/arm_cm3/drivers/STM32F10x_StdPeriph_Driver/inc' '-I' 'C:/Users/tgr6hc/Desktop/Embedded_full/GatewayECU_git/FlashBootLoader/MCAL/ConfigTypes' '-I' 'C:/Users/tgr6hc/Desktop/Embedded_full/GatewayECU_git/FlashBootLoader/Application/Crc' '-I' 'C:/Users/tgr6hc/Desktop/Embedded_full/GatewayECU_git/FlashBootLoader/Application/Diag_com' '-I' 'C:/Users/tgr6hc/Desktop/Embedded_full/GatewayECU_git/FlashBootLoader/Application/ECU_Cfg' '-I' 'C:/Users/tgr6hc/Desktop/Embedded_full/GatewayECU_git/FlashBootLoader/Application/Flashing_Hdl' '-I' 'C:/Users/tgr6hc/Desktop/Embedded_full/GatewayECU_git/FlashBootLoader/Application/main' '-I' 'C:/Users/tgr6hc/Desktop/Embedded_full/GatewayECU_git/FlashBootLoader/Application/main/hardware_handle' '-I' 'C:/Users/tgr6hc/Desktop/Embedded_full/GatewayECU_git/FlashBootLoader/Application/main/main_state_machine' '-I' 'C:/Users/tgr6hc/Desktop/Embedded_full/GatewayECU_git/FlashBootLoader/Application/NvM_Hdl' '-I' 'C:/Users/tgr6hc/Desktop/Embedded_full/GatewayECU_git/FlashBootLoader/Application/Service_Hdl' '-I' 'C:/Users/tgr6hc/Desktop/Embedded_full/GatewayECU_git/FlashBootLoader/Application/SWIL_Hdl' '-v' '-o' 'CMakeFiles\cmTC_20a1d.dir\CMakeCXXCompilerABI.cpp.obj' '-c' '-mfloat-abi=soft' '-march=armv7e-m'
 c:/users/tgr6hc/downloads/toolchain/gcc-arm-none-eabi-9-2019-q4-major-win32/bin/../lib/gcc/arm-none-eabi/9.2.1/cc1plus.exe -quiet -v -I C:/Users/tgr6hc/Desktop/Embedded_full/GatewayECU_git/FlashBootLoader/MCAL -I C:/Users/tgr6hc/Desktop/Embedded_full/GatewayECU_git/FlashBootLoader/MCAL/arm_cm3 -I C:/Users/tgr6hc/Desktop/Embedded_full/GatewayECU_git/FlashBootLoader/MCAL/arm_cm3/kernel -I C:/Users/tgr6hc/Desktop/Embedded_full/GatewayECU_git/FlashBootLoader/MCAL/arm_cm3/drivers/STM32F10x_StdPeriph_Driver/inc -I C:/Users/tgr6hc/Desktop/Embedded_full/GatewayECU_git/FlashBootLoader/MCAL/ConfigTypes -I C:/Users/tgr6hc/Desktop/Embedded_full/GatewayECU_git/FlashBootLoader/Application/Crc -I C:/Users/tgr6hc/Desktop/Embedded_full/GatewayECU_git/FlashBootLoader/Application/Diag_com -I C:/Users/tgr6hc/Desktop/Embedded_full/GatewayECU_git/FlashBootLoader/Application/ECU_Cfg -I C:/Users/tgr6hc/Desktop/Embedded_full/GatewayECU_git/FlashBootLoader/Application/Flashing_Hdl -I C:/Users/tgr6hc/Desktop/Embedded_full/GatewayECU_git/FlashBootLoader/Application/main -I C:/Users/tgr6hc/Desktop/Embedded_full/GatewayECU_git/FlashBootLoader/Application/main/hardware_handle -I C:/Users/tgr6hc/Desktop/Embedded_full/GatewayECU_git/FlashBootLoader/Application/main/main_state_machine -I C:/Users/tgr6hc/Desktop/Embedded_full/GatewayECU_git/FlashBootLoader/Application/NvM_Hdl -I C:/Users/tgr6hc/Desktop/Embedded_full/GatewayECU_git/FlashBootLoader/Application/Service_Hdl -I C:/Users/tgr6hc/Desktop/Embedded_full/GatewayECU_git/FlashBootLoader/Application/SWIL_Hdl -imultilib thumb/v7e-m/nofp -iprefix c:\users\tgr6hc\downloads\toolchain\gcc-arm-none-eabi-9-2019-q4-major-win32\bin\../lib/gcc/arm-none-eabi/9.2.1/ -isysroot c:\users\tgr6hc\downloads\toolchain\gcc-arm-none-eabi-9-2019-q4-major-win32\bin\../arm-none-eabi -D__USES_INITFINI__ C:\Users\tgr6hc\Downloads\Toolchain\cmake-3.15.3-win32-x86\share\cmake-3.15\Modules\CMakeCXXCompilerABI.cpp -quiet -dumpbase CMakeCXXCompilerABI.cpp -mcpu=cortex-m4 -mthumb -mfloat-abi=soft -march=armv7e-m -auxbase-strip CMakeFiles\cmTC_20a1d.dir\CMakeCXXCompilerABI.cpp.obj -std=gnu11 -version -fmax-errors=100 -o C:\Users\tgr6hc\AppData\Local\Temp\ccmzP7dv.s
cc1plus.exe: warning: command line option '-std=gnu11' is valid for C/ObjC but not for C++
GNU C++14 (GNU Tools for Arm Embedded Processors 9-2019-q4-major) version 9.2.1 20191025 (release) [ARM/arm-9-branch revision 277599] (arm-none-eabi)
	compiled by GNU C version 5.3.1 20160211, GMP version 6.1.0, MPFR version 3.1.4, MPC version 1.0.3, isl version isl-0.18-GMP

GGC heuristics: --param ggc-min-expand=100 --param ggc-min-heapsize=131072
ignoring duplicate directory "c:/users/tgr6hc/downloads/toolchain/gcc-arm-none-eabi-9-2019-q4-major-win32/lib/gcc/../../lib/gcc/arm-none-eabi/9.2.1/../../../../arm-none-eabi/include/c++/9.2.1"
ignoring duplicate directory "c:/users/tgr6hc/downloads/toolchain/gcc-arm-none-eabi-9-2019-q4-major-win32/lib/gcc/../../lib/gcc/arm-none-eabi/9.2.1/../../../../arm-none-eabi/include/c++/9.2.1/arm-none-eabi/thumb/v7e-m/nofp"
ignoring duplicate directory "c:/users/tgr6hc/downloads/toolchain/gcc-arm-none-eabi-9-2019-q4-major-win32/lib/gcc/../../lib/gcc/arm-none-eabi/9.2.1/../../../../arm-none-eabi/include/c++/9.2.1/backward"
ignoring duplicate directory "c:/users/tgr6hc/downloads/toolchain/gcc-arm-none-eabi-9-2019-q4-major-win32/lib/gcc/../../lib/gcc/arm-none-eabi/9.2.1/include"
ignoring nonexistent directory "c:\users\tgr6hc\downloads\toolchain\gcc-arm-none-eabi-9-2019-q4-major-win32\bin\../arm-none-eabi/mnt/workspace/workspace/GCC-9-pipeline/jenkins-GCC-9-pipeline-100_20191030_1572397542/install-mingw/lib/gcc/arm-none-eabi/9.2.1/../../../../include"
ignoring duplicate directory "c:/users/tgr6hc/downloads/toolchain/gcc-arm-none-eabi-9-2019-q4-major-win32/lib/gcc/../../lib/gcc/arm-none-eabi/9.2.1/include-fixed"
ignoring duplicate directory "c:/users/tgr6hc/downloads/toolchain/gcc-arm-none-eabi-9-2019-q4-major-win32/lib/gcc/../../lib/gcc/arm-none-eabi/9.2.1/../../../../arm-none-eabi/include"
ignoring nonexistent directory "c:\users\tgr6hc\downloads\toolchain\gcc-arm-none-eabi-9-2019-q4-major-win32\bin\../arm-none-eabi/usr/include"
#include "..." search starts here:
#include <...> search starts here:
 C:/Users/tgr6hc/Desktop/Embedded_full/GatewayECU_git/FlashBootLoader/MCAL
 C:/Users/tgr6hc/Desktop/Embedded_full/GatewayECU_git/FlashBootLoader/MCAL/arm_cm3
 C:/Users/tgr6hc/Desktop/Embedded_full/GatewayECU_git/FlashBootLoader/MCAL/arm_cm3/kernel
 C:/Users/tgr6hc/Desktop/Embedded_full/GatewayECU_git/FlashBootLoader/MCAL/arm_cm3/drivers/STM32F10x_StdPeriph_Driver/inc
 C:/Users/tgr6hc/Desktop/Embedded_full/GatewayECU_git/FlashBootLoader/MCAL/ConfigTypes
 C:/Users/tgr6hc/Desktop/Embedded_full/GatewayECU_git/FlashBootLoader/Application/Crc
 C:/Users/tgr6hc/Desktop/Embedded_full/GatewayECU_git/FlashBootLoader/Application/Diag_com
 C:/Users/tgr6hc/Desktop/Embedded_full/GatewayECU_git/FlashBootLoader/Application/ECU_Cfg
 C:/Users/tgr6hc/Desktop/Embedded_full/GatewayECU_git/FlashBootLoader/Application/Flashing_Hdl
 C:/Users/tgr6hc/Desktop/Embedded_full/GatewayECU_git/FlashBootLoader/Application/main
 C:/Users/tgr6hc/Desktop/Embedded_full/GatewayECU_git/FlashBootLoader/Application/main/hardware_handle
 C:/Users/tgr6hc/Desktop/Embedded_full/GatewayECU_git/FlashBootLoader/Application/main/main_state_machine
 C:/Users/tgr6hc/Desktop/Embedded_full/GatewayECU_git/FlashBootLoader/Application/NvM_Hdl
 C:/Users/tgr6hc/Desktop/Embedded_full/GatewayECU_git/FlashBootLoader/Application/Service_Hdl
 C:/Users/tgr6hc/Desktop/Embedded_full/GatewayECU_git/FlashBootLoader/Application/SWIL_Hdl
 c:\users\tgr6hc\downloads\toolchain\gcc-arm-none-eabi-9-2019-q4-major-win32\bin\../lib/gcc/arm-none-eabi/9.2.1/../../../../arm-none-eabi/include/c++/9.2.1
 c:\users\tgr6hc\downloads\toolchain\gcc-arm-none-eabi-9-2019-q4-major-win32\bin\../lib/gcc/arm-none-eabi/9.2.1/../../../../arm-none-eabi/include/c++/9.2.1/arm-none-eabi/thumb/v7e-m/nofp
 c:\users\tgr6hc\downloads\toolchain\gcc-arm-none-eabi-9-2019-q4-major-win32\bin\../lib/gcc/arm-none-eabi/9.2.1/../../../../arm-none-eabi/include/c++/9.2.1/backward
 c:\users\tgr6hc\downloads\toolchain\gcc-arm-none-eabi-9-2019-q4-major-win32\bin\../lib/gcc/arm-none-eabi/9.2.1/include
 c:\users\tgr6hc\downloads\toolchain\gcc-arm-none-eabi-9-2019-q4-major-win32\bin\../lib/gcc/arm-none-eabi/9.2.1/include-fixed
 c:\users\tgr6hc\downloads\toolchain\gcc-arm-none-eabi-9-2019-q4-major-win32\bin\../lib/gcc/arm-none-eabi/9.2.1/../../../../arm-none-eabi/include
End of search list.
GNU C++14 (GNU Tools for Arm Embedded Processors 9-2019-q4-major) version 9.2.1 20191025 (release) [ARM/arm-9-branch revision 277599] (arm-none-eabi)
	compiled by GNU C version 5.3.1 20160211, GMP version 6.1.0, MPFR version 3.1.4, MPC version 1.0.3, isl version isl-0.18-GMP

GGC heuristics: --param ggc-min-expand=100 --param ggc-min-heapsize=131072
Compiler executable checksum: 170ff1c01984ee844c36675da8099675
COLLECT_GCC_OPTIONS='-fmax-errors=100' '-std=gnu11' '-c' '-mcpu=cortex-m4' '-mthumb' '-I' 'C:/Users/tgr6hc/Desktop/Embedded_full/GatewayECU_git/FlashBootLoader/MCAL' '-I' 'C:/Users/tgr6hc/Desktop/Embedded_full/GatewayECU_git/FlashBootLoader/MCAL/arm_cm3' '-I' 'C:/Users/tgr6hc/Desktop/Embedded_full/GatewayECU_git/FlashBootLoader/MCAL/arm_cm3/kernel' '-I' 'C:/Users/tgr6hc/Desktop/Embedded_full/GatewayECU_git/FlashBootLoader/MCAL/arm_cm3/drivers/STM32F10x_StdPeriph_Driver/inc' '-I' 'C:/Users/tgr6hc/Desktop/Embedded_full/GatewayECU_git/FlashBootLoader/MCAL/ConfigTypes' '-I' 'C:/Users/tgr6hc/Desktop/Embedded_full/GatewayECU_git/FlashBootLoader/Application/Crc' '-I' 'C:/Users/tgr6hc/Desktop/Embedded_full/GatewayECU_git/FlashBootLoader/Application/Diag_com' '-I' 'C:/Users/tgr6hc/Desktop/Embedded_full/GatewayECU_git/FlashBootLoader/Application/ECU_Cfg' '-I' 'C:/Users/tgr6hc/Desktop/Embedded_full/GatewayECU_git/FlashBootLoader/Application/Flashing_Hdl' '-I' 'C:/Users/tgr6hc/Desktop/Embedded_full/GatewayECU_git/FlashBootLoader/Application/main' '-I' 'C:/Users/tgr6hc/Desktop/Embedded_full/GatewayECU_git/FlashBootLoader/Application/main/hardware_handle' '-I' 'C:/Users/tgr6hc/Desktop/Embedded_full/GatewayECU_git/FlashBootLoader/Application/main/main_state_machine' '-I' 'C:/Users/tgr6hc/Desktop/Embedded_full/GatewayECU_git/FlashBootLoader/Application/NvM_Hdl' '-I' 'C:/Users/tgr6hc/Desktop/Embedded_full/GatewayECU_git/FlashBootLoader/Application/Service_Hdl' '-I' 'C:/Users/tgr6hc/Desktop/Embedded_full/GatewayECU_git/FlashBootLoader/Application/SWIL_Hdl' '-v' '-o' 'CMakeFiles\cmTC_20a1d.dir\CMakeCXXCompilerABI.cpp.obj' '-c' '-mfloat-abi=soft' '-march=armv7e-m'
 c:/users/tgr6hc/downloads/toolchain/gcc-arm-none-eabi-9-2019-q4-major-win32/bin/../lib/gcc/arm-none-eabi/9.2.1/../../../../arm-none-eabi/bin/as.exe -v -I C:/Users/tgr6hc/Desktop/Embedded_full/GatewayECU_git/FlashBootLoader/MCAL -I C:/Users/tgr6hc/Desktop/Embedded_full/GatewayECU_git/FlashBootLoader/MCAL/arm_cm3 -I C:/Users/tgr6hc/Desktop/Embedded_full/GatewayECU_git/FlashBootLoader/MCAL/arm_cm3/kernel -I C:/Users/tgr6hc/Desktop/Embedded_full/GatewayECU_git/FlashBootLoader/MCAL/arm_cm3/drivers/STM32F10x_StdPeriph_Driver/inc -I C:/Users/tgr6hc/Desktop/Embedded_full/GatewayECU_git/FlashBootLoader/MCAL/ConfigTypes -I C:/Users/tgr6hc/Desktop/Embedded_full/GatewayECU_git/FlashBootLoader/Application/Crc -I C:/Users/tgr6hc/Desktop/Embedded_full/GatewayECU_git/FlashBootLoader/Application/Diag_com -I C:/Users/tgr6hc/Desktop/Embedded_full/GatewayECU_git/FlashBootLoader/Application/ECU_Cfg -I C:/Users/tgr6hc/Desktop/Embedded_full/GatewayECU_git/FlashBootLoader/Application/Flashing_Hdl -I C:/Users/tgr6hc/Desktop/Embedded_full/GatewayECU_git/FlashBootLoader/Application/main -I C:/Users/tgr6hc/Desktop/Embedded_full/GatewayECU_git/FlashBootLoader/Application/main/hardware_handle -I C:/Users/tgr6hc/Desktop/Embedded_full/GatewayECU_git/FlashBootLoader/Application/main/main_state_machine -I C:/Users/tgr6hc/Desktop/Embedded_full/GatewayECU_git/FlashBootLoader/Application/NvM_Hdl -I C:/Users/tgr6hc/Desktop/Embedded_full/GatewayECU_git/FlashBootLoader/Application/Service_Hdl -I C:/Users/tgr6hc/Desktop/Embedded_full/GatewayECU_git/FlashBootLoader/Application/SWIL_Hdl -march=armv7e-m -mfloat-abi=soft -meabi=5 -o CMakeFiles\cmTC_20a1d.dir\CMakeCXXCompilerABI.cpp.obj C:\Users\tgr6hc\AppData\Local\Temp\ccmzP7dv.s
GNU assembler version 2.33.1 (arm-none-eabi) using BFD version (GNU Tools for Arm Embedded Processors 9-2019-q4-major) 2.33.1.20191025
COMPILER_PATH=c:/users/tgr6hc/downloads/toolchain/gcc-arm-none-eabi-9-2019-q4-major-win32/bin/../lib/gcc/arm-none-eabi/9.2.1/;c:/users/tgr6hc/downloads/toolchain/gcc-arm-none-eabi-9-2019-q4-major-win32/bin/../lib/gcc/;c:/users/tgr6hc/downloads/toolchain/gcc-arm-none-eabi-9-2019-q4-major-win32/bin/../lib/gcc/arm-none-eabi/9.2.1/../../../../arm-none-eabi/bin/
LIBRARY_PATH=c:/users/tgr6hc/downloads/toolchain/gcc-arm-none-eabi-9-2019-q4-major-win32/bin/../lib/gcc/arm-none-eabi/9.2.1/thumb/v7e-m/nofp/;c:/users/tgr6hc/downloads/toolchain/gcc-arm-none-eabi-9-2019-q4-major-win32/bin/../lib/gcc/arm-none-eabi/9.2.1/../../../../arm-none-eabi/lib/thumb/v7e-m/nofp/;c:/users/tgr6hc/downloads/toolchain/gcc-arm-none-eabi-9-2019-q4-major-win32/bin/../arm-none-eabi/lib/thumb/v7e-m/nofp/;c:/users/tgr6hc/downloads/toolchain/gcc-arm-none-eabi-9-2019-q4-major-win32/bin/../lib/gcc/arm-none-eabi/9.2.1/;c:/users/tgr6hc/downloads/toolchain/gcc-arm-none-eabi-9-2019-q4-major-win32/bin/../lib/gcc/;c:/users/tgr6hc/downloads/toolchain/gcc-arm-none-eabi-9-2019-q4-major-win32/bin/../lib/gcc/arm-none-eabi/9.2.1/../../../../arm-none-eabi/lib/;c:/users/tgr6hc/downloads/toolchain/gcc-arm-none-eabi-9-2019-q4-major-win32/bin/../arm-none-eabi/lib/
COLLECT_GCC_OPTIONS='-fmax-errors=100' '-std=gnu11' '-c' '-mcpu=cortex-m4' '-mthumb' '-I' 'C:/Users/tgr6hc/Desktop/Embedded_full/GatewayECU_git/FlashBootLoader/MCAL' '-I' 'C:/Users/tgr6hc/Desktop/Embedded_full/GatewayECU_git/FlashBootLoader/MCAL/arm_cm3' '-I' 'C:/Users/tgr6hc/Desktop/Embedded_full/GatewayECU_git/FlashBootLoader/MCAL/arm_cm3/kernel' '-I' 'C:/Users/tgr6hc/Desktop/Embedded_full/GatewayECU_git/FlashBootLoader/MCAL/arm_cm3/drivers/STM32F10x_StdPeriph_Driver/inc' '-I' 'C:/Users/tgr6hc/Desktop/Embedded_full/GatewayECU_git/FlashBootLoader/MCAL/ConfigTypes' '-I' 'C:/Users/tgr6hc/Desktop/Embedded_full/GatewayECU_git/FlashBootLoader/Application/Crc' '-I' 'C:/Users/tgr6hc/Desktop/Embedded_full/GatewayECU_git/FlashBootLoader/Application/Diag_com' '-I' 'C:/Users/tgr6hc/Desktop/Embedded_full/GatewayECU_git/FlashBootLoader/Application/ECU_Cfg' '-I' 'C:/Users/tgr6hc/Desktop/Embedded_full/GatewayECU_git/FlashBootLoader/Application/Flashing_Hdl' '-I' 'C:/Users/tgr6hc/Desktop/Embedded_full/GatewayECU_git/FlashBootLoader/Application/main' '-I' 'C:/Users/tgr6hc/Desktop/Embedded_full/GatewayECU_git/FlashBootLoader/Application/main/hardware_handle' '-I' 'C:/Users/tgr6hc/Desktop/Embedded_full/GatewayECU_git/FlashBootLoader/Application/main/main_state_machine' '-I' 'C:/Users/tgr6hc/Desktop/Embedded_full/GatewayECU_git/FlashBootLoader/Application/NvM_Hdl' '-I' 'C:/Users/tgr6hc/Desktop/Embedded_full/GatewayECU_git/FlashBootLoader/Application/Service_Hdl' '-I' 'C:/Users/tgr6hc/Desktop/Embedded_full/GatewayECU_git/FlashBootLoader/Application/SWIL_Hdl' '-v' '-o' 'CMakeFiles\cmTC_20a1d.dir\CMakeCXXCompilerABI.cpp.obj' '-c' '-mfloat-abi=soft' '-march=armv7e-m'
Linking CXX executable cmTC_20a1d.exe
C:\Users\tgr6hc\Downloads\Toolchain\cmake-3.15.3-win32-x86\bin\cmake.exe -E cmake_link_script CMakeFiles\cmTC_20a1d.dir\link.txt --verbose=1
C:\Users\tgr6hc\Downloads\Toolchain\cmake-3.15.3-win32-x86\bin\cmake.exe -E remove -f CMakeFiles\cmTC_20a1d.dir/objects.a
C:\Users\tgr6hc\Downloads\Toolchain\gcc-arm-none-eabi-9-2019-q4-major-win32\arm-none-eabi\bin\ar.exe cr CMakeFiles\cmTC_20a1d.dir/objects.a @CMakeFiles\cmTC_20a1d.dir\objects1.rsp
C:\Users\tgr6hc\Downloads\Toolchain\gcc-arm-none-eabi-9-2019-q4-major-win32\bin\arm-none-eabi-gcc.exe -fmax-errors=100 -std=gnu11 -c -mcpu=cortex-m4 -mthumb  	-IC:/Users/tgr6hc/Desktop/Embedded_full/GatewayECU_git/FlashBootLoader/MCAL 	-IC:/Users/tgr6hc/Desktop/Embedded_full/GatewayECU_git/FlashBootLoader/MCAL/arm_cm3 	-IC:/Users/tgr6hc/Desktop/Embedded_full/GatewayECU_git/FlashBootLoader/MCAL/arm_cm3/kernel 	-IC:/Users/tgr6hc/Desktop/Embedded_full/GatewayECU_git/FlashBootLoader/MCAL/arm_cm3/drivers/STM32F10x_StdPeriph_Driver/inc 	-IC:/Users/tgr6hc/Desktop/Embedded_full/GatewayECU_git/FlashBootLoader/MCAL/ConfigTypes 		-IC:/Users/tgr6hc/Desktop/Embedded_full/GatewayECU_git/FlashBootLoader/Application/Crc 	-IC:/Users/tgr6hc/Desktop/Embedded_full/GatewayECU_git/FlashBootLoader/Application/Diag_com 	-IC:/Users/tgr6hc/Desktop/Embedded_full/GatewayECU_git/FlashBootLoader/Application/ECU_Cfg 	-IC:/Users/tgr6hc/Desktop/Embedded_full/GatewayECU_git/FlashBootLoader/Application/Flashing_Hdl 	-IC:/Users/tgr6hc/Desktop/Embedded_full/GatewayECU_git/FlashBootLoader/Application/main 	-IC:/Users/tgr6hc/Desktop/Embedded_full/GatewayECU_git/FlashBootLoader/Application/main/hardware_handle 	-IC:/Users/tgr6hc/Desktop/Embedded_full/GatewayECU_git/FlashBootLoader/Application/main/main_state_machine 	-IC:/Users/tgr6hc/Desktop/Embedded_full/GatewayECU_git/FlashBootLoader/Application/NvM_Hdl 	-IC:/Users/tgr6hc/Desktop/Embedded_full/GatewayECU_git/FlashBootLoader/Application/Service_Hdl 	-IC:/Users/tgr6hc/Desktop/Embedded_full/GatewayECU_git/FlashBootLoader/Application/SWIL_Hdl    -v -Wl,--whole-archive CMakeFiles\cmTC_20a1d.dir/objects.a -Wl,--no-whole-archive  -o cmTC_20a1d.exe -Wl,--out-implib,libcmTC_20a1d.dll.a -Wl,--major-image-version,0,--minor-image-version,0 
Using built-in specs.
COLLECT_GCC=C:\Users\tgr6hc\Downloads\Toolchain\gcc-arm-none-eabi-9-2019-q4-major-win32\bin\arm-none-eabi-gcc.exe
Target: arm-none-eabi
Configured with: /mnt/workspace/workspace/GCC-9-pipeline/jenkins-GCC-9-pipeline-100_20191030_1572397542/src/gcc/configure --build=x86_64-linux-gnu --host=i686-w64-mingw32 --target=arm-none-eabi --prefix=/mnt/workspace/workspace/GCC-9-pipeline/jenkins-GCC-9-pipeline-100_20191030_1572397542/install-mingw --libexecdir=/mnt/workspace/workspace/GCC-9-pipeline/jenkins-GCC-9-pipeline-100_20191030_1572397542/install-mingw/lib --infodir=/mnt/workspace/workspace/GCC-9-pipeline/jenkins-GCC-9-pipeline-100_20191030_1572397542/install-mingw/share/doc/gcc-arm-none-eabi/info --mandir=/mnt/workspace/workspace/GCC-9-pipeline/jenkins-GCC-9-pipeline-100_20191030_1572397542/install-mingw/share/doc/gcc-arm-none-eabi/man --htmldir=/mnt/workspace/workspace/GCC-9-pipeline/jenkins-GCC-9-pipeline-100_20191030_1572397542/install-mingw/share/doc/gcc-arm-none-eabi/html --pdfdir=/mnt/workspace/workspace/GCC-9-pipeline/jenkins-GCC-9-pipeline-100_20191030_1572397542/install-mingw/share/doc/gcc-arm-none-eabi/pdf --enable-languages=c,c++ --enable-mingw-wildcard --disable-decimal-float --disable-libffi --disable-libgomp --disable-libmudflap --disable-libquadmath --disable-libssp --disable-libstdcxx-pch --disable-nls --disable-shared --disable-threads --disable-tls --with-gnu-as --with-gnu-ld --with-headers=yes --with-newlib --with-python-dir=share/gcc-arm-none-eabi --with-sysroot=/mnt/workspace/workspace/GCC-9-pipeline/jenkins-GCC-9-pipeline-100_20191030_1572397542/install-mingw/arm-none-eabi --with-libiconv-prefix=/mnt/workspace/workspace/GCC-9-pipeline/jenkins-GCC-9-pipeline-100_20191030_1572397542/build-mingw/host-libs/usr --with-gmp=/mnt/workspace/workspace/GCC-9-pipeline/jenkins-GCC-9-pipeline-100_20191030_1572397542/build-mingw/host-libs/usr --with-mpfr=/mnt/workspace/workspace/GCC-9-pipeline/jenkins-GCC-9-pipeline-100_20191030_1572397542/build-mingw/host-libs/usr --with-mpc=/mnt/workspace/workspace/GCC-9-pipeline/jenkins-GCC-9-pipeline-100_20191030_1572397542/build-mingw/host-libs/usr --with-isl=/mnt/workspace/workspace/GCC-9-pipeline/jenkins-GCC-9-pipeline-100_20191030_1572397542/build-mingw/host-libs/usr --with-libelf=/mnt/workspace/workspace/GCC-9-pipeline/jenkins-GCC-9-pipeline-100_20191030_1572397542/build-mingw/host-libs/usr --with-host-libstdcxx='-static-libgcc -Wl,-Bstatic,-lstdc++,-Bdynamic -lm' --with-pkgversion='GNU Tools for Arm Embedded Processors 9-2019-q4-major' --with-multilib-list=rmprofile
Thread model: single
gcc version 9.2.1 20191025 (release) [ARM/arm-9-branch revision 277599] (GNU Tools for Arm Embedded Processors 9-2019-q4-major) 
COMPILER_PATH=c:/users/tgr6hc/downloads/toolchain/gcc-arm-none-eabi-9-2019-q4-major-win32/bin/../lib/gcc/arm-none-eabi/9.2.1/;c:/users/tgr6hc/downloads/toolchain/gcc-arm-none-eabi-9-2019-q4-major-win32/bin/../lib/gcc/;c:/users/tgr6hc/downloads/toolchain/gcc-arm-none-eabi-9-2019-q4-major-win32/bin/../lib/gcc/arm-none-eabi/9.2.1/../../../../arm-none-eabi/bin/
LIBRARY_PATH=c:/users/tgr6hc/downloads/toolchain/gcc-arm-none-eabi-9-2019-q4-major-win32/bin/../lib/gcc/arm-none-eabi/9.2.1/thumb/v7e-m/nofp/;c:/users/tgr6hc/downloads/toolchain/gcc-arm-none-eabi-9-2019-q4-major-win32/bin/../lib/gcc/arm-none-eabi/9.2.1/../../../../arm-none-eabi/lib/thumb/v7e-m/nofp/;c:/users/tgr6hc/downloads/toolchain/gcc-arm-none-eabi-9-2019-q4-major-win32/bin/../arm-none-eabi/lib/thumb/v7e-m/nofp/;c:/users/tgr6hc/downloads/toolchain/gcc-arm-none-eabi-9-2019-q4-major-win32/bin/../lib/gcc/arm-none-eabi/9.2.1/;c:/users/tgr6hc/downloads/toolchain/gcc-arm-none-eabi-9-2019-q4-major-win32/bin/../lib/gcc/;c:/users/tgr6hc/downloads/toolchain/gcc-arm-none-eabi-9-2019-q4-major-win32/bin/../lib/gcc/arm-none-eabi/9.2.1/../../../../arm-none-eabi/lib/;c:/users/tgr6hc/downloads/toolchain/gcc-arm-none-eabi-9-2019-q4-major-win32/bin/../arm-none-eabi/lib/
COLLECT_GCC_OPTIONS='-fmax-errors=100' '-std=gnu11' '-c' '-mcpu=cortex-m4' '-mthumb' '-I' 'C:/Users/tgr6hc/Desktop/Embedded_full/GatewayECU_git/FlashBootLoader/MCAL' '-I' 'C:/Users/tgr6hc/Desktop/Embedded_full/GatewayECU_git/FlashBootLoader/MCAL/arm_cm3' '-I' 'C:/Users/tgr6hc/Desktop/Embedded_full/GatewayECU_git/FlashBootLoader/MCAL/arm_cm3/kernel' '-I' 'C:/Users/tgr6hc/Desktop/Embedded_full/GatewayECU_git/FlashBootLoader/MCAL/arm_cm3/drivers/STM32F10x_StdPeriph_Driver/inc' '-I' 'C:/Users/tgr6hc/Desktop/Embedded_full/GatewayECU_git/FlashBootLoader/MCAL/ConfigTypes' '-I' 'C:/Users/tgr6hc/Desktop/Embedded_full/GatewayECU_git/FlashBootLoader/Application/Crc' '-I' 'C:/Users/tgr6hc/Desktop/Embedded_full/GatewayECU_git/FlashBootLoader/Application/Diag_com' '-I' 'C:/Users/tgr6hc/Desktop/Embedded_full/GatewayECU_git/FlashBootLoader/Application/ECU_Cfg' '-I' 'C:/Users/tgr6hc/Desktop/Embedded_full/GatewayECU_git/FlashBootLoader/Application/Flashing_Hdl' '-I' 'C:/Users/tgr6hc/Desktop/Embedded_full/GatewayECU_git/FlashBootLoader/Application/main' '-I' 'C:/Users/tgr6hc/Desktop/Embedded_full/GatewayECU_git/FlashBootLoader/Application/main/hardware_handle' '-I' 'C:/Users/tgr6hc/Desktop/Embedded_full/GatewayECU_git/FlashBootLoader/Application/main/main_state_machine' '-I' 'C:/Users/tgr6hc/Desktop/Embedded_full/GatewayECU_git/FlashBootLoader/Application/NvM_Hdl' '-I' 'C:/Users/tgr6hc/Desktop/Embedded_full/GatewayECU_git/FlashBootLoader/Application/Service_Hdl' '-I' 'C:/Users/tgr6hc/Desktop/Embedded_full/GatewayECU_git/FlashBootLoader/Application/SWIL_Hdl' '-v' '-o' 'cmTC_20a1d.exe' '-mfloat-abi=soft' '-march=armv7e-m'
arm-none-eabi-gcc.exe: warning: CMakeFiles\cmTC_20a1d.dir/objects.a: linker input file unused because linking not done
mingw32-make[1]: Leaving directory 'C:/Users/tgr6hc/Desktop/Embedded_full/GatewayECU_git/FlashBootLoader/build/Application/CMakeFiles/CMakeTmp'


Cannot copy output executable
  ''
to destination specified by COPY_FILE:
  'C:/Users/tgr6hc/Desktop/Embedded_full/GatewayECU_git/FlashBootLoader/build/Application/CMakeFiles/3.15.3/CMakeDetermineCompilerABI_CXX.bin'
Unable to find the executable at any of:
  C:/Users/tgr6hc/Desktop/Embedded_full/GatewayECU_git/FlashBootLoader/build/Application/CMakeFiles/CMakeTmp/cmTC_20a1d.exe
  C:/Users/tgr6hc/Desktop/Embedded_full/GatewayECU_git/FlashBootLoader/build/Application/CMakeFiles/CMakeTmp/Debug/cmTC_20a1d.exe
  C:/Users/tgr6hc/Desktop/Embedded_full/GatewayECU_git/FlashBootLoader/build/Application/CMakeFiles/CMakeTmp/Development/cmTC_20a1d.exe


